{"name":"Log","hostname":"Braito","pid":24412,"level":30,"version":"5.82.0","msg":"Ghost is running in development...","time":"2024-04-06T18:34:43.024Z","v":0}
{"name":"Log","hostname":"Braito","pid":24412,"level":30,"version":"5.82.0","msg":"Listening on: 127.0.0.1:2368","time":"2024-04-06T18:34:43.025Z","v":0}
{"name":"Log","hostname":"Braito","pid":24412,"level":30,"version":"5.82.0","msg":"Url configured as: http://localhost:2368/","time":"2024-04-06T18:34:43.026Z","v":0}
{"name":"Log","hostname":"Braito","pid":24412,"level":30,"version":"5.82.0","msg":"Ctrl+C to shut down","time":"2024-04-06T18:34:43.026Z","v":0}
{"name":"Log","hostname":"Braito","pid":24412,"level":30,"version":"5.82.0","msg":"Ghost server started in 1.015s","time":"2024-04-06T18:34:43.027Z","v":0}
{"name":"Log","hostname":"Braito","pid":24412,"level":40,"version":"5.82.0","msg":"Database state requires initialisation.","time":"2024-04-06T18:34:43.216Z","v":0}
{"name":"Log","hostname":"Braito","pid":24412,"level":30,"version":"5.82.0","msg":"Creating table: newsletters","time":"2024-04-06T18:34:43.580Z","v":0}
{"name":"Log","hostname":"Braito","pid":24412,"level":30,"version":"5.82.0","msg":"Creating table: posts","time":"2024-04-06T18:34:43.695Z","v":0}
{"name":"Log","hostname":"Braito","pid":24412,"level":30,"version":"5.82.0","msg":"Creating table: posts_meta","time":"2024-04-06T18:34:43.703Z","v":0}
{"name":"Log","hostname":"Braito","pid":24412,"level":30,"version":"5.82.0","msg":"Creating table: users","time":"2024-04-06T18:34:43.709Z","v":0}
{"name":"Log","hostname":"Braito","pid":24412,"level":30,"version":"5.82.0","msg":"Creating table: posts_authors","time":"2024-04-06T18:34:43.717Z","v":0}
{"name":"Log","hostname":"Braito","pid":24412,"level":30,"version":"5.82.0","msg":"Creating table: roles","time":"2024-04-06T18:34:43.720Z","v":0}
{"name":"Log","hostname":"Braito","pid":24412,"level":30,"version":"5.82.0","msg":"Creating table: roles_users","time":"2024-04-06T18:34:43.725Z","v":0}
{"name":"Log","hostname":"Braito","pid":24412,"level":30,"version":"5.82.0","msg":"Creating table: permissions","time":"2024-04-06T18:34:43.727Z","v":0}
{"name":"Log","hostname":"Braito","pid":24412,"level":30,"version":"5.82.0","msg":"Creating table: permissions_users","time":"2024-04-06T18:34:43.732Z","v":0}
{"name":"Log","hostname":"Braito","pid":24412,"level":30,"version":"5.82.0","msg":"Creating table: permissions_roles","time":"2024-04-06T18:34:43.735Z","v":0}
{"name":"Log","hostname":"Braito","pid":24412,"level":30,"version":"5.82.0","msg":"Creating table: settings","time":"2024-04-06T18:34:43.737Z","v":0}
{"name":"Log","hostname":"Braito","pid":24412,"level":30,"version":"5.82.0","msg":"Creating table: tags","time":"2024-04-06T18:34:43.742Z","v":0}
{"name":"Log","hostname":"Braito","pid":24412,"level":30,"version":"5.82.0","msg":"Creating table: posts_tags","time":"2024-04-06T18:34:43.747Z","v":0}
{"name":"Log","hostname":"Braito","pid":24412,"level":30,"version":"5.82.0","msg":"Creating table: invites","time":"2024-04-06T18:34:43.750Z","v":0}
{"name":"Log","hostname":"Braito","pid":24412,"level":30,"version":"5.82.0","msg":"Creating table: brute","time":"2024-04-06T18:34:43.757Z","v":0}
{"name":"Log","hostname":"Braito","pid":24412,"level":30,"version":"5.82.0","msg":"Creating table: sessions","time":"2024-04-06T18:34:43.760Z","v":0}
{"name":"Log","hostname":"Braito","pid":24412,"level":30,"version":"5.82.0","msg":"Creating table: integrations","time":"2024-04-06T18:34:43.765Z","v":0}
{"name":"Log","hostname":"Braito","pid":24412,"level":30,"version":"5.82.0","msg":"Creating table: webhooks","time":"2024-04-06T18:34:43.770Z","v":0}
{"name":"Log","hostname":"Braito","pid":24412,"level":30,"version":"5.82.0","msg":"Creating table: api_keys","time":"2024-04-06T18:34:43.772Z","v":0}
{"name":"Log","hostname":"Braito","pid":24412,"level":30,"version":"5.82.0","msg":"Creating table: mobiledoc_revisions","time":"2024-04-06T18:34:43.777Z","v":0}
{"name":"Log","hostname":"Braito","pid":24412,"level":30,"version":"5.82.0","msg":"Creating table: post_revisions","time":"2024-04-06T18:34:43.782Z","v":0}
{"name":"Log","hostname":"Braito","pid":24412,"level":30,"version":"5.82.0","msg":"Creating table: members","time":"2024-04-06T18:34:43.787Z","v":0}
{"name":"Log","hostname":"Braito","pid":24412,"level":30,"version":"5.82.0","msg":"Creating table: products","time":"2024-04-06T18:34:43.799Z","v":0}
{"name":"Log","hostname":"Braito","pid":24412,"level":30,"version":"5.82.0","msg":"Creating table: offers","time":"2024-04-06T18:34:43.804Z","v":0}
{"name":"Log","hostname":"Braito","pid":24412,"level":30,"version":"5.82.0","msg":"Creating table: benefits","time":"2024-04-06T18:34:43.813Z","v":0}
{"name":"Log","hostname":"Braito","pid":24412,"level":30,"version":"5.82.0","msg":"Creating table: products_benefits","time":"2024-04-06T18:34:43.818Z","v":0}
{"name":"Log","hostname":"Braito","pid":24412,"level":30,"version":"5.82.0","msg":"Creating table: members_products","time":"2024-04-06T18:34:43.822Z","v":0}
{"name":"Log","hostname":"Braito","pid":24412,"level":30,"version":"5.82.0","msg":"Creating table: posts_products","time":"2024-04-06T18:34:43.825Z","v":0}
{"name":"Log","hostname":"Braito","pid":24412,"level":30,"version":"5.82.0","msg":"Creating table: members_created_events","time":"2024-04-06T18:34:43.828Z","v":0}
{"name":"Log","hostname":"Braito","pid":24412,"level":30,"version":"5.82.0","msg":"Creating table: members_cancel_events","time":"2024-04-06T18:34:43.833Z","v":0}
{"name":"Log","hostname":"Braito","pid":24412,"level":30,"version":"5.82.0","msg":"Creating table: members_payment_events","time":"2024-04-06T18:34:43.835Z","v":0}
{"name":"Log","hostname":"Braito","pid":24412,"level":30,"version":"5.82.0","msg":"Creating table: members_login_events","time":"2024-04-06T18:34:43.837Z","v":0}
{"name":"Log","hostname":"Braito","pid":24412,"level":30,"version":"5.82.0","msg":"Creating table: members_email_change_events","time":"2024-04-06T18:34:43.840Z","v":0}
{"name":"Log","hostname":"Braito","pid":24412,"level":30,"version":"5.82.0","msg":"Creating table: members_status_events","time":"2024-04-06T18:34:43.843Z","v":0}
{"name":"Log","hostname":"Braito","pid":24412,"level":30,"version":"5.82.0","msg":"Creating table: members_product_events","time":"2024-04-06T18:34:43.846Z","v":0}
{"name":"Log","hostname":"Braito","pid":24412,"level":30,"version":"5.82.0","msg":"Creating table: members_paid_subscription_events","time":"2024-04-06T18:34:43.848Z","v":0}
{"name":"Log","hostname":"Braito","pid":24412,"level":30,"version":"5.82.0","msg":"Creating table: labels","time":"2024-04-06T18:34:43.851Z","v":0}
{"name":"Log","hostname":"Braito","pid":24412,"level":30,"version":"5.82.0","msg":"Creating table: members_labels","time":"2024-04-06T18:34:43.858Z","v":0}
{"name":"Log","hostname":"Braito","pid":24412,"level":30,"version":"5.82.0","msg":"Creating table: members_stripe_customers","time":"2024-04-06T18:34:43.861Z","v":0}
{"name":"Log","hostname":"Braito","pid":24412,"level":30,"version":"5.82.0","msg":"Creating table: subscriptions","time":"2024-04-06T18:34:43.865Z","v":0}
{"name":"Log","hostname":"Braito","pid":24412,"level":30,"version":"5.82.0","msg":"Creating table: members_stripe_customers_subscriptions","time":"2024-04-06T18:34:43.868Z","v":0}
{"name":"Log","hostname":"Braito","pid":24412,"level":30,"version":"5.82.0","msg":"Creating table: members_subscription_created_events","time":"2024-04-06T18:34:43.876Z","v":0}
{"name":"Log","hostname":"Braito","pid":24412,"level":30,"version":"5.82.0","msg":"Creating table: offer_redemptions","time":"2024-04-06T18:34:43.882Z","v":0}
{"name":"Log","hostname":"Braito","pid":24412,"level":30,"version":"5.82.0","msg":"Creating table: members_subscribe_events","time":"2024-04-06T18:34:43.885Z","v":0}
{"name":"Log","hostname":"Braito","pid":24412,"level":30,"version":"5.82.0","msg":"Creating table: donation_payment_events","time":"2024-04-06T18:34:43.888Z","v":0}
{"name":"Log","hostname":"Braito","pid":24412,"level":30,"version":"5.82.0","msg":"Creating table: stripe_products","time":"2024-04-06T18:34:43.891Z","v":0}
{"name":"Log","hostname":"Braito","pid":24412,"level":30,"version":"5.82.0","msg":"Creating table: stripe_prices","time":"2024-04-06T18:34:43.895Z","v":0}
{"name":"Log","hostname":"Braito","pid":24412,"level":30,"version":"5.82.0","msg":"Creating table: actions","time":"2024-04-06T18:34:43.900Z","v":0}
{"name":"Log","hostname":"Braito","pid":24412,"level":30,"version":"5.82.0","msg":"Creating table: emails","time":"2024-04-06T18:34:43.903Z","v":0}
{"name":"Log","hostname":"Braito","pid":24412,"level":30,"version":"5.82.0","msg":"Creating table: email_batches","time":"2024-04-06T18:34:43.910Z","v":0}
{"name":"Log","hostname":"Braito","pid":24412,"level":30,"version":"5.82.0","msg":"Creating table: email_recipients","time":"2024-04-06T18:34:43.912Z","v":0}
{"name":"Log","hostname":"Braito","pid":24412,"level":30,"version":"5.82.0","msg":"Creating table: email_recipient_failures","time":"2024-04-06T18:34:43.926Z","v":0}
{"name":"Log","hostname":"Braito","pid":24412,"level":30,"version":"5.82.0","msg":"Creating table: tokens","time":"2024-04-06T18:34:43.929Z","v":0}
{"name":"Log","hostname":"Braito","pid":24412,"level":30,"version":"5.82.0","msg":"Creating table: snippets","time":"2024-04-06T18:34:43.934Z","v":0}
{"name":"Log","hostname":"Braito","pid":24412,"level":30,"version":"5.82.0","msg":"Creating table: custom_theme_settings","time":"2024-04-06T18:34:43.939Z","v":0}
{"name":"Log","hostname":"Braito","pid":24412,"level":30,"version":"5.82.0","msg":"Creating table: members_newsletters","time":"2024-04-06T18:34:43.942Z","v":0}
{"name":"Log","hostname":"Braito","pid":24412,"level":30,"version":"5.82.0","msg":"Creating table: comments","time":"2024-04-06T18:34:43.948Z","v":0}
{"name":"Log","hostname":"Braito","pid":24412,"level":30,"version":"5.82.0","msg":"Creating table: comment_likes","time":"2024-04-06T18:34:43.952Z","v":0}
{"name":"Log","hostname":"Braito","pid":24412,"level":30,"version":"5.82.0","msg":"Creating table: comment_reports","time":"2024-04-06T18:34:43.955Z","v":0}
{"name":"Log","hostname":"Braito","pid":24412,"level":30,"version":"5.82.0","msg":"Creating table: jobs","time":"2024-04-06T18:34:43.958Z","v":0}
{"name":"Log","hostname":"Braito","pid":24412,"level":30,"version":"5.82.0","msg":"Creating table: redirects","time":"2024-04-06T18:34:43.963Z","v":0}
{"name":"Log","hostname":"Braito","pid":24412,"level":30,"version":"5.82.0","msg":"Creating table: members_click_events","time":"2024-04-06T18:34:43.966Z","v":0}
{"name":"Log","hostname":"Braito","pid":24412,"level":30,"version":"5.82.0","msg":"Creating table: members_feedback","time":"2024-04-06T18:34:43.970Z","v":0}
{"name":"Log","hostname":"Braito","pid":24412,"level":30,"version":"5.82.0","msg":"Creating table: suppressions","time":"2024-04-06T18:34:43.973Z","v":0}
{"name":"Log","hostname":"Braito","pid":24412,"level":30,"version":"5.82.0","msg":"Creating table: email_spam_complaint_events","time":"2024-04-06T18:34:43.978Z","v":0}
{"name":"Log","hostname":"Braito","pid":24412,"level":30,"version":"5.82.0","msg":"Creating table: mentions","time":"2024-04-06T18:34:43.983Z","v":0}
{"name":"Log","hostname":"Braito","pid":24412,"level":30,"version":"5.82.0","msg":"Creating table: milestones","time":"2024-04-06T18:34:43.986Z","v":0}
{"name":"Log","hostname":"Braito","pid":24412,"level":30,"version":"5.82.0","msg":"Creating table: temp_mail_events","time":"2024-04-06T18:34:43.989Z","v":0}
{"name":"Log","hostname":"Braito","pid":24412,"level":30,"version":"5.82.0","msg":"Creating table: collections","time":"2024-04-06T18:34:43.992Z","v":0}
{"name":"Log","hostname":"Braito","pid":24412,"level":30,"version":"5.82.0","msg":"Creating table: collections_posts","time":"2024-04-06T18:34:43.997Z","v":0}
{"name":"Log","hostname":"Braito","pid":24412,"level":30,"version":"5.82.0","msg":"Creating table: recommendations","time":"2024-04-06T18:34:44.000Z","v":0}
{"name":"Log","hostname":"Braito","pid":24412,"level":30,"version":"5.82.0","msg":"Creating table: recommendation_click_events","time":"2024-04-06T18:34:44.003Z","v":0}
{"name":"Log","hostname":"Braito","pid":24412,"level":30,"version":"5.82.0","msg":"Creating table: recommendation_subscribe_events","time":"2024-04-06T18:34:44.005Z","v":0}
{"name":"Log","hostname":"Braito","pid":24412,"level":30,"version":"5.82.0","msg":"Model: Collection","time":"2024-04-06T18:34:44.368Z","v":0}
{"name":"Log","hostname":"Braito","pid":24412,"level":30,"version":"5.82.0","msg":"Model: Product","time":"2024-04-06T18:34:44.371Z","v":0}
{"name":"Log","hostname":"Braito","pid":24412,"level":30,"version":"5.82.0","msg":"Model: Newsletter","time":"2024-04-06T18:34:44.377Z","v":0}
{"name":"Log","hostname":"Braito","pid":24412,"level":30,"version":"5.82.0","msg":"Model: Tag","time":"2024-04-06T18:34:44.380Z","v":0}
{"name":"Log","hostname":"Braito","pid":24412,"level":30,"version":"5.82.0","msg":"Model: Permission","time":"2024-04-06T18:34:44.384Z","v":0}
{"name":"Log","hostname":"Braito","pid":24412,"level":30,"version":"5.82.0","msg":"Model: Post","time":"2024-04-06T18:34:44.505Z","v":0}
{"name":"Log","hostname":"Braito","pid":24412,"level":30,"version":"5.82.0","msg":"Model: Integration","time":"2024-04-06T18:34:45.010Z","v":0}
{"name":"Log","hostname":"Braito","pid":24412,"level":30,"version":"5.82.0","msg":"Relation: Role to Permission","time":"2024-04-06T18:34:45.046Z","v":0}
{"name":"Log","hostname":"Braito","pid":24412,"level":30,"version":"5.82.0","msg":"Relation: Post to Tag","time":"2024-04-06T18:34:45.203Z","v":0}
{"name":"Log","hostname":"Braito","pid":24412,"level":30,"version":"5.82.0","msg":"Database is in a ready state.","time":"2024-04-06T18:34:45.276Z","v":0}
{"name":"Log","hostname":"Braito","pid":24412,"level":30,"version":"5.82.0","msg":"Ghost database ready in 3.265s","time":"2024-04-06T18:34:45.278Z","v":0}
{"name":"Log","hostname":"Braito","pid":24412,"level":40,"version":"5.82.0","msg":"Missing mail.from config, falling back to a generated email address. Please update your config file and set a valid from address","time":"2024-04-06T18:34:45.712Z","v":0}
{"name":"Log","hostname":"Braito","pid":24412,"level":50,"version":"5.82.0","err":{"id":"581097e0-f444-11ee-8eab-f96ac0dd80ac","domain":"http://localhost:2368/","code":"ENOENT","name":"InternalServerError","statusCode":500,"level":"critical","message":"Unable to activate the theme \"source\".","stack":"Error: ENOENT: no such file or directory, copyfile 'C:\\Users\\brall\\OneDrive\\Escritorio\\ghost\\ghost\\versions\\5.82.0\\core\\frontend\\src\\admin-auth\\index.html' -> 'C:\\Users\\brall\\OneDrive\\Escritorio\\ghost\\ghost\\content\\public\\admin-auth\\index.html'\n    at Bridge.activateTheme (C:\\Users\\brall\\OneDrive\\Escritorio\\ghost\\ghost\\versions\\5.82.0\\core\\bridge.js:76:27)","hideStack":false},"msg":"Unable to activate the theme \"source\".","time":"2024-04-06T18:34:46.750Z","v":0}
{"name":"Log","hostname":"Braito","pid":24412,"level":30,"version":"5.82.0","msg":"Adding offloaded job to the queue","time":"2024-04-06T18:34:47.683Z","v":0}
{"name":"Log","hostname":"Braito","pid":24412,"level":30,"version":"5.82.0","msg":"Scheduling job mentions-email-report at 36 45 * * * *. Next run on: Sat Apr 06 2024 13:45:36 GMT-0500 (hora estándar de Colombia)","time":"2024-04-06T18:34:47.690Z","v":0}
{"name":"Log","hostname":"Braito","pid":24412,"level":30,"version":"5.82.0","msg":"Adding one-off job to queue with current length = 0 called 'members-migrations'","time":"2024-04-06T18:34:48.060Z","v":0}
{"name":"Log","hostname":"Braito","pid":24412,"level":30,"version":"5.82.0","msg":"Stripe not configured - skipping migrations","time":"2024-04-06T18:34:48.065Z","v":0}
{"name":"Log","hostname":"Braito","pid":24412,"level":30,"version":"5.82.0","msg":"Ghost URL Service Ready in 6.326s","time":"2024-04-06T18:34:48.338Z","v":0}
{"name":"Log","hostname":"Braito","pid":24412,"level":30,"version":"5.82.0","msg":"Adding offloaded job to the queue","time":"2024-04-06T18:34:48.540Z","v":0}
{"name":"Log","hostname":"Braito","pid":24412,"level":30,"version":"5.82.0","msg":"Scheduling job clean-expired-comped at 3 38 4 * * *. Next run on: Sun Apr 07 2024 04:38:03 GMT-0500 (hora estándar de Colombia)","time":"2024-04-06T18:34:48.543Z","v":0}
{"name":"Log","hostname":"Braito","pid":24412,"level":30,"version":"5.82.0","msg":"Adding offloaded job to the queue","time":"2024-04-06T18:34:48.546Z","v":0}
{"name":"Log","hostname":"Braito","pid":24412,"level":30,"version":"5.82.0","msg":"Scheduling job clean-tokens at 29 16 19 * * *. Next run on: Sat Apr 06 2024 19:16:29 GMT-0500 (hora estándar de Colombia)","time":"2024-04-06T18:34:48.548Z","v":0}
{"name":"Log","hostname":"Braito","pid":24412,"level":30,"version":"5.82.0","msg":"Ghost booted in 6.92s","time":"2024-04-06T18:34:48.933Z","v":0}
{"name":"Log","hostname":"Braito","pid":24412,"level":30,"version":"5.82.0","msg":"Adding offloaded job to the queue","time":"2024-04-06T18:34:48.936Z","v":0}
{"name":"Log","hostname":"Braito","pid":24412,"level":30,"version":"5.82.0","msg":"Scheduling job update-check at 8 4 2 * * *. Next run on: Sun Apr 07 2024 02:04:08 GMT-0500 (hora estándar de Colombia)","time":"2024-04-06T18:34:48.938Z","v":0}
{"name":"Log","hostname":"Braito","pid":24412,"level":30,"version":"5.82.0","msg":"Running milestone emails job on Sat Apr 06 2024 13:34:53 GMT-0500 (hora estándar de Colombia)","time":"2024-04-06T18:34:48.945Z","v":0}
{"name":"Log","hostname":"Braito","pid":27636,"level":30,"version":"5.82.0","msg":"Ghost is running in development...","time":"2024-04-06T18:49:30.651Z","v":0}
{"name":"Log","hostname":"Braito","pid":27636,"level":30,"version":"5.82.0","msg":"Listening on: 127.0.0.1:2368","time":"2024-04-06T18:49:30.652Z","v":0}
{"name":"Log","hostname":"Braito","pid":27636,"level":30,"version":"5.82.0","msg":"Url configured as: http://localhost:2368/","time":"2024-04-06T18:49:30.653Z","v":0}
{"name":"Log","hostname":"Braito","pid":27636,"level":30,"version":"5.82.0","msg":"Ctrl+C to shut down","time":"2024-04-06T18:49:30.653Z","v":0}
{"name":"Log","hostname":"Braito","pid":27636,"level":30,"version":"5.82.0","msg":"Ghost server started in 0.856s","time":"2024-04-06T18:49:30.654Z","v":0}
{"name":"Log","hostname":"Braito","pid":27636,"level":30,"version":"5.82.0","msg":"Database is in a ready state.","time":"2024-04-06T18:49:30.836Z","v":0}
{"name":"Log","hostname":"Braito","pid":27636,"level":30,"version":"5.82.0","msg":"Ghost database ready in 1.042s","time":"2024-04-06T18:49:30.841Z","v":0}
{"name":"Log","hostname":"Braito","pid":27636,"level":40,"version":"5.82.0","msg":"Missing mail.from config, falling back to a generated email address. Please update your config file and set a valid from address","time":"2024-04-06T18:49:31.257Z","v":0}
{"name":"Log","hostname":"Braito","pid":27636,"level":50,"version":"5.82.0","err":{"id":"67d144c0-f446-11ee-a7cc-03ddf88a0b10","domain":"http://localhost:2368/","code":"ENOENT","name":"InternalServerError","statusCode":500,"level":"critical","message":"Unable to activate the theme \"source\".","stack":"Error: ENOENT: no such file or directory, copyfile 'C:\\Users\\brall\\OneDrive\\Escritorio\\ghost\\ghost\\versions\\5.82.0\\core\\frontend\\src\\admin-auth\\index.html' -> 'C:\\Users\\brall\\OneDrive\\Escritorio\\ghost\\ghost\\content\\public\\admin-auth\\index.html'\n    at Bridge.activateTheme (C:\\Users\\brall\\OneDrive\\Escritorio\\ghost\\ghost\\versions\\5.82.0\\core\\bridge.js:76:27)","hideStack":false},"msg":"Unable to activate the theme \"source\".","time":"2024-04-06T18:49:32.173Z","v":0}
{"name":"Log","hostname":"Braito","pid":27636,"level":30,"version":"5.82.0","msg":"Adding offloaded job to the queue","time":"2024-04-06T18:49:33.026Z","v":0}
{"name":"Log","hostname":"Braito","pid":27636,"level":30,"version":"5.82.0","msg":"Scheduling job mentions-email-report at 11 6 * * * *. Next run on: Sat Apr 06 2024 14:06:11 GMT-0500 (hora estándar de Colombia)","time":"2024-04-06T18:49:33.034Z","v":0}
{"name":"Log","hostname":"Braito","pid":27636,"level":30,"version":"5.82.0","msg":"Adding offloaded job to the queue","time":"2024-04-06T18:49:33.504Z","v":0}
{"name":"Log","hostname":"Braito","pid":27636,"level":30,"version":"5.82.0","msg":"Scheduling job clean-expired-comped at 3 15 3 * * *. Next run on: Sun Apr 07 2024 03:15:03 GMT-0500 (hora estándar de Colombia)","time":"2024-04-06T18:49:33.507Z","v":0}
{"name":"Log","hostname":"Braito","pid":27636,"level":30,"version":"5.82.0","msg":"Adding offloaded job to the queue","time":"2024-04-06T18:49:33.512Z","v":0}
{"name":"Log","hostname":"Braito","pid":27636,"level":30,"version":"5.82.0","msg":"Scheduling job clean-tokens at 37 50 7 * * *. Next run on: Sun Apr 07 2024 07:50:37 GMT-0500 (hora estándar de Colombia)","time":"2024-04-06T18:49:33.514Z","v":0}
{"name":"Log","hostname":"Braito","pid":27636,"level":30,"version":"5.82.0","msg":"Ghost booted in 4.118s","time":"2024-04-06T18:49:33.917Z","v":0}
{"name":"Log","hostname":"Braito","pid":27636,"level":30,"version":"5.82.0","msg":"Adding offloaded job to the queue","time":"2024-04-06T18:49:33.920Z","v":0}
{"name":"Log","hostname":"Braito","pid":27636,"level":30,"version":"5.82.0","msg":"Scheduling job update-check at 27 6 3 * * *. Next run on: Sun Apr 07 2024 03:06:27 GMT-0500 (hora estándar de Colombia)","time":"2024-04-06T18:49:33.922Z","v":0}
{"name":"Log","hostname":"Braito","pid":27636,"level":30,"version":"5.82.0","msg":"Running milestone emails job on Sat Apr 06 2024 13:49:38 GMT-0500 (hora estándar de Colombia)","time":"2024-04-06T18:49:33.929Z","v":0}
{"name":"Log","hostname":"Braito","pid":27636,"level":30,"version":"5.82.0","msg":"Ghost URL Service Ready in 4.516s","time":"2024-04-06T18:49:34.314Z","v":0}
{"name":"Log","hostname":"Braito","pid":27636,"level":50,"version":"5.82.0","err":{"id":"6e488ac0-f446-11ee-a7cc-03ddf88a0b10","domain":"http://localhost:2368/","code":"IMAGE_SIZE_URL","name":"InternalServerError","statusCode":500,"level":"critical","message":"Unknown Request error.","context":"\"http://localhost:2368/favicon.ico\"","stack":"Error: connect ECONNREFUSED ::1:2368\n    at C:\\Users\\brall\\OneDrive\\Escritorio\\ghost\\ghost\\versions\\5.82.0\\core\\server\\lib\\image\\ImageSize.js:196:39\n    at TCPConnectWrap.afterConnect [as oncomplete] (node:net:1495:16)","hideStack":false},"msg":"Unknown Request error.","time":"2024-04-06T18:49:43.021Z","v":0}
{"name":"Log","hostname":"Braito","pid":27636,"level":30,"version":"5.82.0","req":{"meta":{"requestId":"db897f5a-a203-406c-9b38-1e883da40dac","userId":null},"url":"/","method":"GET","originalUrl":"/","params":{},"headers":{"host":"localhost:2368","connection":"keep-alive","cache-control":"max-age=0","sec-ch-ua":"\"Google Chrome\";v=\"123\", \"Not:A-Brand\";v=\"8\", \"Chromium\";v=\"123\"","sec-ch-ua-mobile":"?0","sec-ch-ua-platform":"\"Windows\"","upgrade-insecure-requests":"1","user-agent":"Mozilla/5.0 (Windows NT 10.0; Win64; x64) AppleWebKit/537.36 (KHTML, like Gecko) Chrome/123.0.0.0 Safari/537.36","accept":"text/html,application/xhtml+xml,application/xml;q=0.9,image/avif,image/webp,image/apng,*/*;q=0.8,application/signed-exchange;v=b3;q=0.7","sec-fetch-site":"none","sec-fetch-mode":"navigate","sec-fetch-user":"?1","sec-fetch-dest":"document","accept-encoding":"gzip, deflate, br, zstd","accept-language":"es-CO,es;q=0.9,en;q=0.8,es-US;q=0.7,en-US;q=0.6,es-419;q=0.5","cookie":"**REDACTED**"},"query":{}},"res":{"_headers":{"x-powered-by":"Express","cache-control":"public, max-age=0","content-type":"text/html; charset=utf-8","etag":"W/\"3f9d-AEWRC7RSpNr29qTrVip41vscMLk\"","vary":"Accept-Encoding","content-encoding":"gzip"},"statusCode":200,"responseTime":"676ms"},"msg":"","time":"2024-04-06T18:49:43.252Z","v":0}
{"name":"Log","hostname":"Braito","pid":27636,"level":30,"version":"5.82.0","req":{"meta":{"requestId":"a9b24997-8dda-47a0-9f6d-3810c351bd2a","userId":null},"url":"/assets/built/screen.css?v=7cf888d505","method":"GET","originalUrl":"/assets/built/screen.css?v=7cf888d505","params":{},"headers":{"host":"localhost:2368","connection":"keep-alive","sec-ch-ua":"\"Google Chrome\";v=\"123\", \"Not:A-Brand\";v=\"8\", \"Chromium\";v=\"123\"","sec-ch-ua-mobile":"?0","user-agent":"Mozilla/5.0 (Windows NT 10.0; Win64; x64) AppleWebKit/537.36 (KHTML, like Gecko) Chrome/123.0.0.0 Safari/537.36","sec-ch-ua-platform":"\"Windows\"","accept":"text/css,*/*;q=0.1","sec-fetch-site":"same-origin","sec-fetch-mode":"no-cors","sec-fetch-dest":"style","referer":"http://localhost:2368/","accept-encoding":"gzip, deflate, br, zstd","accept-language":"es-CO,es;q=0.9,en;q=0.8,es-US;q=0.7,en-US;q=0.6,es-419;q=0.5","cookie":"**REDACTED**"},"query":{"v":"7cf888d505"}},"res":{"_headers":{"x-powered-by":"Express","accept-ranges":"bytes","cache-control":"public, max-age=0","last-modified":"Sat, 26 Oct 1985 08:15:00 GMT","etag":"W/\"c5ad-7438674ba0\"","content-type":"text/css; charset=UTF-8","vary":"Accept-Encoding","content-encoding":"gzip"},"statusCode":200,"responseTime":"6ms"},"msg":"","time":"2024-04-06T18:49:43.273Z","v":0}
{"name":"Log","hostname":"Braito","pid":27636,"level":30,"version":"5.82.0","req":{"meta":{"requestId":"c39068b1-0b5c-4aad-aba9-aa607effa928","userId":null},"url":"/assets/built/source.js?v=7cf888d505","method":"GET","originalUrl":"/assets/built/source.js?v=7cf888d505","params":{},"headers":{"host":"localhost:2368","connection":"keep-alive","sec-ch-ua":"\"Google Chrome\";v=\"123\", \"Not:A-Brand\";v=\"8\", \"Chromium\";v=\"123\"","sec-ch-ua-mobile":"?0","user-agent":"Mozilla/5.0 (Windows NT 10.0; Win64; x64) AppleWebKit/537.36 (KHTML, like Gecko) Chrome/123.0.0.0 Safari/537.36","sec-ch-ua-platform":"\"Windows\"","accept":"*/*","sec-fetch-site":"same-origin","sec-fetch-mode":"no-cors","sec-fetch-dest":"script","referer":"http://localhost:2368/","accept-encoding":"gzip, deflate, br, zstd","accept-language":"es-CO,es;q=0.9,en;q=0.8,es-US;q=0.7,en-US;q=0.6,es-419;q=0.5","cookie":"**REDACTED**"},"query":{"v":"7cf888d505"}},"res":{"_headers":{"x-powered-by":"Express","accept-ranges":"bytes","cache-control":"public, max-age=0","last-modified":"Sat, 26 Oct 1985 08:15:00 GMT","etag":"W/\"ce0f-7438674ba0\"","content-type":"application/javascript; charset=UTF-8","vary":"Accept-Encoding","content-encoding":"gzip"},"statusCode":200,"responseTime":"4ms"},"msg":"","time":"2024-04-06T18:49:43.279Z","v":0}
{"name":"Log","hostname":"Braito","pid":27636,"level":30,"version":"5.82.0","req":{"meta":{"requestId":"d9039fe4-b34a-4c2c-9862-f70f0fff6122","userId":null},"url":"/public/member-attribution.min.js?v=7cf888d505","method":"GET","originalUrl":"/public/member-attribution.min.js?v=7cf888d505","params":{},"headers":{"host":"localhost:2368","connection":"keep-alive","sec-ch-ua":"\"Google Chrome\";v=\"123\", \"Not:A-Brand\";v=\"8\", \"Chromium\";v=\"123\"","sec-ch-ua-mobile":"?0","user-agent":"Mozilla/5.0 (Windows NT 10.0; Win64; x64) AppleWebKit/537.36 (KHTML, like Gecko) Chrome/123.0.0.0 Safari/537.36","sec-ch-ua-platform":"\"Windows\"","accept":"*/*","sec-fetch-site":"same-origin","sec-fetch-mode":"no-cors","sec-fetch-dest":"script","referer":"http://localhost:2368/","accept-encoding":"gzip, deflate, br, zstd","accept-language":"es-CO,es;q=0.9,en;q=0.8,es-US;q=0.7,en-US;q=0.6,es-419;q=0.5","cookie":"**REDACTED**"},"query":{"v":"7cf888d505"}},"res":{"_headers":{"x-powered-by":"Express","cache-control":"no-cache, private, no-store, must-revalidate, max-stale=0, post-check=0, pre-check=0","content-type":"text/html; charset=utf-8","etag":"W/\"5c0-F3yU7Plb4lmoRKn3r2gcTBHgMt0\"","vary":"Accept-Encoding","content-encoding":"gzip"},"statusCode":404,"responseTime":"11ms"},"msg":"","time":"2024-04-06T18:49:43.305Z","v":0}
{"name":"Log","hostname":"Braito","pid":27636,"level":30,"version":"5.82.0","req":{"meta":{"requestId":"9d0f6cd7-46cb-44c2-801a-4a6b2fcada4b","userId":null},"url":"/assets/fonts/inter-roman.woff2","method":"GET","originalUrl":"/assets/fonts/inter-roman.woff2","params":{},"headers":{"host":"localhost:2368","connection":"keep-alive","sec-ch-ua":"\"Google Chrome\";v=\"123\", \"Not:A-Brand\";v=\"8\", \"Chromium\";v=\"123\"","origin":"http://localhost:2368","sec-ch-ua-mobile":"?0","user-agent":"Mozilla/5.0 (Windows NT 10.0; Win64; x64) AppleWebKit/537.36 (KHTML, like Gecko) Chrome/123.0.0.0 Safari/537.36","sec-ch-ua-platform":"\"Windows\"","accept":"*/*","sec-fetch-site":"same-origin","sec-fetch-mode":"cors","sec-fetch-dest":"font","referer":"http://localhost:2368/assets/built/screen.css?v=7cf888d505","accept-encoding":"gzip, deflate, br, zstd","accept-language":"es-CO,es;q=0.9,en;q=0.8,es-US;q=0.7,en-US;q=0.6,es-419;q=0.5","cookie":"**REDACTED**"},"query":{}},"res":{"_headers":{"x-powered-by":"Express","access-control-allow-origin":"http://localhost:2368","vary":"Origin","access-control-allow-credentials":"true","accept-ranges":"bytes","cache-control":"public, max-age=0","last-modified":"Sat, 26 Oct 1985 08:15:00 GMT","etag":"W/\"9394-7438674ba0\"","content-type":"font/woff2","content-length":37780},"statusCode":200,"responseTime":"2ms"},"msg":"","time":"2024-04-06T18:49:43.322Z","v":0}
{"name":"Log","hostname":"Braito","pid":27636,"level":30,"version":"5.82.0","req":{"meta":{"requestId":"5d7d7a1d-47e0-4226-b36b-e082d2f8abf5","userId":null},"url":"/api/member/","method":"GET","originalUrl":"/members/api/member/","params":{},"headers":{"host":"localhost:2368","connection":"keep-alive","sec-ch-ua":"\"Google Chrome\";v=\"123\", \"Not:A-Brand\";v=\"8\", \"Chromium\";v=\"123\"","sec-ch-ua-mobile":"?0","user-agent":"Mozilla/5.0 (Windows NT 10.0; Win64; x64) AppleWebKit/537.36 (KHTML, like Gecko) Chrome/123.0.0.0 Safari/537.36","sec-ch-ua-platform":"\"Windows\"","accept":"*/*","sec-fetch-site":"same-origin","sec-fetch-mode":"cors","sec-fetch-dest":"empty","referer":"http://localhost:2368/","accept-encoding":"gzip, deflate, br, zstd","accept-language":"es-CO,es;q=0.9,en;q=0.8,es-US;q=0.7,en-US;q=0.6,es-419;q=0.5","cookie":"**REDACTED**"},"query":{}},"res":{"_headers":{"x-powered-by":"Express","cache-control":"no-cache, private, no-store, must-revalidate, max-stale=0, post-check=0, pre-check=0","access-control-allow-origin":"*"},"statusCode":204,"responseTime":"12ms"},"msg":"","time":"2024-04-06T18:49:43.375Z","v":0}
{"name":"Log","hostname":"Braito","pid":27636,"level":30,"version":"5.82.0","req":{"meta":{"requestId":"0f0f1a51-3404-41ac-a77d-38072f2fc8d6","userId":null},"url":"/settings/?key=7c525a7782f0fbef876259fbf7&limit=all","method":"GET","originalUrl":"/ghost/api/content/settings/?key=7c525a7782f0fbef876259fbf7&limit=all","params":{},"headers":{"host":"localhost:2368","connection":"keep-alive","sec-ch-ua":"\"Google Chrome\";v=\"123\", \"Not:A-Brand\";v=\"8\", \"Chromium\";v=\"123\"","sec-ch-ua-platform":"\"Windows\"","sec-ch-ua-mobile":"?0","user-agent":"Mozilla/5.0 (Windows NT 10.0; Win64; x64) AppleWebKit/537.36 (KHTML, like Gecko) Chrome/123.0.0.0 Safari/537.36","content-type":"application/json","accept":"*/*","sec-fetch-site":"same-origin","sec-fetch-mode":"cors","sec-fetch-dest":"empty","referer":"http://localhost:2368/","accept-encoding":"gzip, deflate, br, zstd","accept-language":"es-CO,es;q=0.9,en;q=0.8,es-US;q=0.7,en-US;q=0.6,es-419;q=0.5","cookie":"**REDACTED**"},"query":{"key":"**REDACTED**","limit":"all"}},"res":{"_headers":{"x-powered-by":"Express","content-version":"v5.82","vary":"Accept-Version, Accept-Encoding","cache-control":"public, max-age=0","access-control-allow-origin":"*","content-type":"application/json; charset=utf-8","etag":"W/\"522-k0hrgc7K+Ht6bEhRGGEtWzBipUY\"","content-encoding":"gzip"},"statusCode":200,"responseTime":"112ms"},"msg":"","time":"2024-04-06T18:49:43.497Z","v":0}
{"name":"Log","hostname":"Braito","pid":27636,"level":30,"version":"5.82.0","req":{"meta":{"requestId":"d1b00b1d-1d22-4a5d-b900-d1c70b2f7262","userId":null},"url":"/tiers/?key=7c525a7782f0fbef876259fbf7&limit=all&include=monthly_price,yearly_price,benefits","method":"GET","originalUrl":"/ghost/api/content/tiers/?key=7c525a7782f0fbef876259fbf7&limit=all&include=monthly_price,yearly_price,benefits","params":{},"headers":{"host":"localhost:2368","connection":"keep-alive","sec-ch-ua":"\"Google Chrome\";v=\"123\", \"Not:A-Brand\";v=\"8\", \"Chromium\";v=\"123\"","sec-ch-ua-platform":"\"Windows\"","sec-ch-ua-mobile":"?0","user-agent":"Mozilla/5.0 (Windows NT 10.0; Win64; x64) AppleWebKit/537.36 (KHTML, like Gecko) Chrome/123.0.0.0 Safari/537.36","content-type":"application/json","accept":"*/*","sec-fetch-site":"same-origin","sec-fetch-mode":"cors","sec-fetch-dest":"empty","referer":"http://localhost:2368/","accept-encoding":"gzip, deflate, br, zstd","accept-language":"es-CO,es;q=0.9,en;q=0.8,es-US;q=0.7,en-US;q=0.6,es-419;q=0.5","cookie":"**REDACTED**"},"query":{"key":"**REDACTED**","limit":"all","include":"monthly_price,yearly_price,benefits"}},"res":{"_headers":{"x-powered-by":"Express","content-version":"v5.82","vary":"Accept-Version, Accept-Encoding","cache-control":"public, max-age=0","access-control-allow-origin":"*","content-type":"application/json; charset=utf-8","content-length":"705","etag":"W/\"2c1-MXhLatPi1K1Ecc8cniiivx+X/m0\""},"statusCode":200,"responseTime":"20ms"},"msg":"","time":"2024-04-06T18:49:43.504Z","v":0}
{"name":"Log","hostname":"Braito","pid":27636,"level":30,"version":"5.82.0","req":{"meta":{"requestId":"cbdf2c1d-487e-4f88-80b7-4f9e9bc3f1ec","userId":null},"url":"/newsletters/?key=7c525a7782f0fbef876259fbf7&limit=all","method":"GET","originalUrl":"/ghost/api/content/newsletters/?key=7c525a7782f0fbef876259fbf7&limit=all","params":{},"headers":{"host":"localhost:2368","connection":"keep-alive","sec-ch-ua":"\"Google Chrome\";v=\"123\", \"Not:A-Brand\";v=\"8\", \"Chromium\";v=\"123\"","sec-ch-ua-platform":"\"Windows\"","sec-ch-ua-mobile":"?0","user-agent":"Mozilla/5.0 (Windows NT 10.0; Win64; x64) AppleWebKit/537.36 (KHTML, like Gecko) Chrome/123.0.0.0 Safari/537.36","content-type":"application/json","accept":"*/*","sec-fetch-site":"same-origin","sec-fetch-mode":"cors","sec-fetch-dest":"empty","referer":"http://localhost:2368/","accept-encoding":"gzip, deflate, br, zstd","accept-language":"es-CO,es;q=0.9,en;q=0.8,es-US;q=0.7,en-US;q=0.6,es-419;q=0.5","cookie":"**REDACTED**"},"query":{"key":"**REDACTED**","limit":"all"}},"res":{"_headers":{"x-powered-by":"Express","content-version":"v5.82","vary":"Accept-Version, Accept-Encoding","cache-control":"public, max-age=0","access-control-allow-origin":"*","content-type":"application/json; charset=utf-8","content-length":"428","etag":"W/\"1ac-h9wWLI4EEdJQx8v+V/SqcGA1Ftg\""},"statusCode":200,"responseTime":"23ms"},"msg":"","time":"2024-04-06T18:49:43.508Z","v":0}
{"name":"Log","hostname":"Braito","pid":27636,"level":30,"version":"5.82.0","req":{"meta":{"requestId":"8863cb6f-f032-41fe-9cd8-0fa46ff1a35f","userId":null},"url":"/favicon.ico","method":"GET","originalUrl":"/favicon.ico","params":{},"headers":{"host":"localhost:2368","connection":"keep-alive","sec-ch-ua":"\"Google Chrome\";v=\"123\", \"Not:A-Brand\";v=\"8\", \"Chromium\";v=\"123\"","sec-ch-ua-mobile":"?0","user-agent":"Mozilla/5.0 (Windows NT 10.0; Win64; x64) AppleWebKit/537.36 (KHTML, like Gecko) Chrome/123.0.0.0 Safari/537.36","sec-ch-ua-platform":"\"Windows\"","accept":"image/avif,image/webp,image/apng,image/svg+xml,image/*,*/*;q=0.8","sec-fetch-site":"same-origin","sec-fetch-mode":"no-cors","sec-fetch-dest":"image","referer":"http://localhost:2368/","accept-encoding":"gzip, deflate, br, zstd","accept-language":"es-CO,es;q=0.9,en;q=0.8,es-US;q=0.7,en-US;q=0.6,es-419;q=0.5","cookie":"**REDACTED**"},"query":{}},"res":{"_headers":{"x-powered-by":"Express","content-type":"image/x-icon","etag":"\"a9c6dbdcdc3ae568f4e0dad92149a0e3\"","cache-control":"public, max-age=86400","vary":"Accept-Encoding","content-encoding":"gzip"},"statusCode":200,"responseTime":"2ms"},"msg":"","time":"2024-04-06T18:49:43.934Z","v":0}
{"name":"Log","hostname":"Braito","pid":27636,"level":30,"version":"5.82.0","req":{"meta":{"requestId":"7af2e4b0-039b-4bc7-9ffa-1152430d2a04","userId":null},"url":"/","method":"GET","originalUrl":"/ghost","params":{},"headers":{"host":"localhost:2368","connection":"keep-alive","sec-ch-ua":"\"Google Chrome\";v=\"123\", \"Not:A-Brand\";v=\"8\", \"Chromium\";v=\"123\"","sec-ch-ua-mobile":"?0","sec-ch-ua-platform":"\"Windows\"","upgrade-insecure-requests":"1","user-agent":"Mozilla/5.0 (Windows NT 10.0; Win64; x64) AppleWebKit/537.36 (KHTML, like Gecko) Chrome/123.0.0.0 Safari/537.36","accept":"text/html,application/xhtml+xml,application/xml;q=0.9,image/avif,image/webp,image/apng,*/*;q=0.8,application/signed-exchange;v=b3;q=0.7","sec-fetch-site":"cross-site","sec-fetch-mode":"navigate","sec-fetch-user":"?1","sec-fetch-dest":"document","accept-encoding":"gzip, deflate, br, zstd","accept-language":"es-CO,es;q=0.9,en;q=0.8,es-US;q=0.7,en-US;q=0.6,es-419;q=0.5","cookie":"**REDACTED**"},"query":{}},"res":{"_headers":{"x-powered-by":"Express","cache-control":"public, max-age=31536000","location":"/ghost/"},"statusCode":301,"responseTime":"1ms"},"msg":"","time":"2024-04-06T18:50:06.142Z","v":0}
{"name":"Log","hostname":"Braito","pid":27636,"level":30,"version":"5.82.0","req":{"meta":{"requestId":"ffbcf252-ef38-44d6-b105-dc2428b21e25","userId":null},"url":"/","method":"GET","originalUrl":"/ghost/","params":{"0":"/"},"headers":{"host":"localhost:2368","connection":"keep-alive","upgrade-insecure-requests":"1","user-agent":"Mozilla/5.0 (Windows NT 10.0; Win64; x64) AppleWebKit/537.36 (KHTML, like Gecko) Chrome/123.0.0.0 Safari/537.36","accept":"text/html,application/xhtml+xml,application/xml;q=0.9,image/avif,image/webp,image/apng,*/*;q=0.8,application/signed-exchange;v=b3;q=0.7","sec-fetch-site":"cross-site","sec-fetch-mode":"navigate","sec-fetch-user":"?1","sec-fetch-dest":"document","sec-ch-ua":"\"Google Chrome\";v=\"123\", \"Not:A-Brand\";v=\"8\", \"Chromium\";v=\"123\"","sec-ch-ua-mobile":"?0","sec-ch-ua-platform":"\"Windows\"","accept-encoding":"gzip, deflate, br, zstd","accept-language":"es-CO,es;q=0.9,en;q=0.8,es-US;q=0.7,en-US;q=0.6,es-419;q=0.5","cookie":"**REDACTED**"},"query":{}},"res":{"_headers":{"x-powered-by":"Express","cache-control":"no-cache, private, no-store, must-revalidate, max-stale=0, post-check=0, pre-check=0","etag":"314f1415428ab9d5ff4e4193e24c1df0","x-frame-options":"sameorigin","accept-ranges":"bytes","last-modified":"Sat, 26 Oct 1985 08:15:00 GMT","content-type":"text/html; charset=UTF-8","vary":"Accept-Encoding","content-encoding":"gzip"},"statusCode":200,"responseTime":"36ms"},"msg":"","time":"2024-04-06T18:50:06.180Z","v":0}
{"name":"Log","hostname":"Braito","pid":27636,"level":30,"version":"5.82.0","req":{"meta":{"requestId":"e71fc686-0930-4a91-a85b-31580adb62a2","userId":null},"url":"/vendor-0ede59da8efb5e28fa929557f7ff7154.css","method":"GET","originalUrl":"/ghost/assets/vendor-0ede59da8efb5e28fa929557f7ff7154.css","params":{},"headers":{"host":"localhost:2368","connection":"keep-alive","sec-ch-ua":"\"Google Chrome\";v=\"123\", \"Not:A-Brand\";v=\"8\", \"Chromium\";v=\"123\"","sec-ch-ua-mobile":"?0","user-agent":"Mozilla/5.0 (Windows NT 10.0; Win64; x64) AppleWebKit/537.36 (KHTML, like Gecko) Chrome/123.0.0.0 Safari/537.36","sec-ch-ua-platform":"\"Windows\"","accept":"text/css,*/*;q=0.1","sec-fetch-site":"same-origin","sec-fetch-mode":"no-cors","sec-fetch-dest":"style","referer":"http://localhost:2368/ghost/","accept-encoding":"gzip, deflate, br, zstd","accept-language":"es-CO,es;q=0.9,en;q=0.8,es-US;q=0.7,en-US;q=0.6,es-419;q=0.5","cookie":"**REDACTED**"},"query":{}},"res":{"_headers":{"x-powered-by":"Express","accept-ranges":"bytes","cache-control":"public, max-age=0, immutable","last-modified":"Sat, 26 Oct 1985 08:15:00 GMT","etag":"W/\"8b45-7438674ba0\"","content-type":"text/css; charset=UTF-8","vary":"Accept-Encoding","content-encoding":"gzip"},"statusCode":200,"responseTime":"13ms"},"msg":"","time":"2024-04-06T18:50:06.207Z","v":0}
{"name":"Log","hostname":"Braito","pid":27636,"level":30,"version":"5.82.0","req":{"meta":{"requestId":"1b1d7747-2193-41bf-b823-54224c5af084","userId":null},"url":"/ghost-164646fac0d490158c4d2f185ec72762.css","method":"GET","originalUrl":"/ghost/assets/ghost-164646fac0d490158c4d2f185ec72762.css","params":{},"headers":{"host":"localhost:2368","connection":"keep-alive","sec-ch-ua":"\"Google Chrome\";v=\"123\", \"Not:A-Brand\";v=\"8\", \"Chromium\";v=\"123\"","sec-ch-ua-mobile":"?0","user-agent":"Mozilla/5.0 (Windows NT 10.0; Win64; x64) AppleWebKit/537.36 (KHTML, like Gecko) Chrome/123.0.0.0 Safari/537.36","sec-ch-ua-platform":"\"Windows\"","accept":"text/css,*/*;q=0.1","sec-fetch-site":"same-origin","sec-fetch-mode":"no-cors","sec-fetch-dest":"style","referer":"http://localhost:2368/ghost/","accept-encoding":"gzip, deflate, br, zstd","accept-language":"es-CO,es;q=0.9,en;q=0.8,es-US;q=0.7,en-US;q=0.6,es-419;q=0.5","cookie":"**REDACTED**"},"query":{}},"res":{"_headers":{"x-powered-by":"Express","accept-ranges":"bytes","cache-control":"public, max-age=0, immutable","last-modified":"Sat, 26 Oct 1985 08:15:00 GMT","etag":"W/\"8670d-7438674ba0\"","content-type":"text/css; charset=UTF-8","vary":"Accept-Encoding","content-encoding":"gzip"},"statusCode":200,"responseTime":"38ms"},"msg":"","time":"2024-04-06T18:50:06.236Z","v":0}
{"name":"Log","hostname":"Braito","pid":27636,"level":30,"version":"5.82.0","req":{"meta":{"requestId":"ca1e6660-e705-4992-98ec-baca09acffc7","userId":null},"url":"/vendor-f9bad0b8c0149699f84c0bd9d325068e.js","method":"GET","originalUrl":"/ghost/assets/vendor-f9bad0b8c0149699f84c0bd9d325068e.js","params":{},"headers":{"host":"localhost:2368","connection":"keep-alive","sec-ch-ua":"\"Google Chrome\";v=\"123\", \"Not:A-Brand\";v=\"8\", \"Chromium\";v=\"123\"","sec-ch-ua-mobile":"?0","user-agent":"Mozilla/5.0 (Windows NT 10.0; Win64; x64) AppleWebKit/537.36 (KHTML, like Gecko) Chrome/123.0.0.0 Safari/537.36","sec-ch-ua-platform":"\"Windows\"","accept":"*/*","sec-fetch-site":"same-origin","sec-fetch-mode":"no-cors","sec-fetch-dest":"script","referer":"http://localhost:2368/ghost/","accept-encoding":"gzip, deflate, br, zstd","accept-language":"es-CO,es;q=0.9,en;q=0.8,es-US;q=0.7,en-US;q=0.6,es-419;q=0.5","cookie":"**REDACTED**"},"query":{}},"res":{"_headers":{"x-powered-by":"Express","accept-ranges":"bytes","cache-control":"public, max-age=0, immutable","last-modified":"Sat, 26 Oct 1985 08:15:00 GMT","etag":"W/\"1a9199-7438674ba0\"","content-type":"application/javascript; charset=UTF-8","vary":"Accept-Encoding","content-encoding":"gzip"},"statusCode":200,"responseTime":"71ms"},"msg":"","time":"2024-04-06T18:50:06.280Z","v":0}
{"name":"Log","hostname":"Braito","pid":27636,"level":30,"version":"5.82.0","req":{"meta":{"requestId":"c6804ade-9d42-4afc-8911-e2fc6b46b3c5","userId":null},"url":"/chunk.524.03e149487a80b8411f34.js","method":"GET","originalUrl":"/ghost/assets/chunk.524.03e149487a80b8411f34.js","params":{},"headers":{"host":"localhost:2368","connection":"keep-alive","sec-ch-ua":"\"Google Chrome\";v=\"123\", \"Not:A-Brand\";v=\"8\", \"Chromium\";v=\"123\"","sec-ch-ua-mobile":"?0","user-agent":"Mozilla/5.0 (Windows NT 10.0; Win64; x64) AppleWebKit/537.36 (KHTML, like Gecko) Chrome/123.0.0.0 Safari/537.36","sec-ch-ua-platform":"\"Windows\"","accept":"*/*","sec-fetch-site":"same-origin","sec-fetch-mode":"no-cors","sec-fetch-dest":"script","referer":"http://localhost:2368/ghost/","accept-encoding":"gzip, deflate, br, zstd","accept-language":"es-CO,es;q=0.9,en;q=0.8,es-US;q=0.7,en-US;q=0.6,es-419;q=0.5","cookie":"**REDACTED**"},"query":{}},"res":{"_headers":{"x-powered-by":"Express","accept-ranges":"bytes","cache-control":"public, max-age=0, immutable","last-modified":"Sat, 26 Oct 1985 08:15:00 GMT","etag":"W/\"2d8b-7438674ba0\"","content-type":"application/javascript; charset=UTF-8","vary":"Accept-Encoding","content-encoding":"gzip"},"statusCode":200,"responseTime":"2ms"},"msg":"","time":"2024-04-06T18:50:06.283Z","v":0}
{"name":"Log","hostname":"Braito","pid":27636,"level":30,"version":"5.82.0","req":{"meta":{"requestId":"ec09f889-5d7c-44f4-8251-a1e0081975dc","userId":null},"url":"/chunk.682.d7ae35ab7054f9997ce6.js","method":"GET","originalUrl":"/ghost/assets/chunk.682.d7ae35ab7054f9997ce6.js","params":{},"headers":{"host":"localhost:2368","connection":"keep-alive","sec-ch-ua":"\"Google Chrome\";v=\"123\", \"Not:A-Brand\";v=\"8\", \"Chromium\";v=\"123\"","sec-ch-ua-mobile":"?0","user-agent":"Mozilla/5.0 (Windows NT 10.0; Win64; x64) AppleWebKit/537.36 (KHTML, like Gecko) Chrome/123.0.0.0 Safari/537.36","sec-ch-ua-platform":"\"Windows\"","accept":"*/*","sec-fetch-site":"same-origin","sec-fetch-mode":"no-cors","sec-fetch-dest":"script","referer":"http://localhost:2368/ghost/","accept-encoding":"gzip, deflate, br, zstd","accept-language":"es-CO,es;q=0.9,en;q=0.8,es-US;q=0.7,en-US;q=0.6,es-419;q=0.5","cookie":"**REDACTED**"},"query":{}},"res":{"_headers":{"x-powered-by":"Express","accept-ranges":"bytes","cache-control":"public, max-age=0, immutable","last-modified":"Sat, 26 Oct 1985 08:15:00 GMT","etag":"W/\"2aa289-7438674ba0\"","content-type":"application/javascript; charset=UTF-8","vary":"Accept-Encoding","content-encoding":"gzip"},"statusCode":200,"responseTime":"81ms"},"msg":"","time":"2024-04-06T18:50:06.318Z","v":0}
{"name":"Log","hostname":"Braito","pid":27636,"level":30,"version":"5.82.0","req":{"meta":{"requestId":"835e0761-0cc8-4778-8781-6a6e12aaa326","userId":null},"url":"/ghost-030fc6823b98b9b104dd4b2d36f35995.js","method":"GET","originalUrl":"/ghost/assets/ghost-030fc6823b98b9b104dd4b2d36f35995.js","params":{},"headers":{"host":"localhost:2368","connection":"keep-alive","sec-ch-ua":"\"Google Chrome\";v=\"123\", \"Not:A-Brand\";v=\"8\", \"Chromium\";v=\"123\"","sec-ch-ua-mobile":"?0","user-agent":"Mozilla/5.0 (Windows NT 10.0; Win64; x64) AppleWebKit/537.36 (KHTML, like Gecko) Chrome/123.0.0.0 Safari/537.36","sec-ch-ua-platform":"\"Windows\"","accept":"*/*","sec-fetch-site":"same-origin","sec-fetch-mode":"no-cors","sec-fetch-dest":"script","referer":"http://localhost:2368/ghost/","accept-encoding":"gzip, deflate, br, zstd","accept-language":"es-CO,es;q=0.9,en;q=0.8,es-US;q=0.7,en-US;q=0.6,es-419;q=0.5","cookie":"**REDACTED**"},"query":{}},"res":{"_headers":{"x-powered-by":"Express","accept-ranges":"bytes","cache-control":"public, max-age=0, immutable","last-modified":"Sat, 26 Oct 1985 08:15:00 GMT","etag":"W/\"20f8a6-7438674ba0\"","content-type":"application/javascript; charset=UTF-8","vary":"Accept-Encoding","content-encoding":"gzip"},"statusCode":200,"responseTime":"48ms"},"msg":"","time":"2024-04-06T18:50:06.339Z","v":0}
{"name":"Log","hostname":"Braito","pid":27636,"level":50,"version":"5.82.0","req":{"meta":{"requestId":"b580990a-5332-4ada-9c15-280339170cba","userId":null},"url":"/users/me/?include=roles","method":"GET","originalUrl":"/ghost/api/admin/users/me/?include=roles","params":{},"headers":{"host":"localhost:2368","connection":"keep-alive","sec-ch-ua":"\"Google Chrome\";v=\"123\", \"Not:A-Brand\";v=\"8\", \"Chromium\";v=\"123\"","sec-ch-ua-mobile":"?0","app-pragma":"no-cache","user-agent":"Mozilla/5.0 (Windows NT 10.0; Win64; x64) AppleWebKit/537.36 (KHTML, like Gecko) Chrome/123.0.0.0 Safari/537.36","content-type":"application/json; charset=UTF-8","accept":"application/json, text/javascript, */*; q=0.01","x-requested-with":"XMLHttpRequest","x-ghost-version":"5.82","sec-ch-ua-platform":"\"Windows\"","sec-fetch-site":"same-origin","sec-fetch-mode":"cors","sec-fetch-dest":"empty","referer":"http://localhost:2368/ghost/","accept-encoding":"gzip, deflate, br, zstd","accept-language":"es-CO,es;q=0.9,en;q=0.8,es-US;q=0.7,en-US;q=0.6,es-419;q=0.5","cookie":"**REDACTED**"},"query":{"include":"roles"}},"res":{"_headers":{"x-powered-by":"Express","content-version":"v5.82","vary":"Accept-Version, Accept-Encoding","cache-control":"no-cache, private, no-store, must-revalidate, max-stale=0, post-check=0, pre-check=0","content-type":"application/json; charset=utf-8","content-length":"343","etag":"W/\"157-B+fC5xiym1WmME/Ep+uUIucfXpM\""},"statusCode":403,"responseTime":"110ms"},"err":{"id":"7c4eef60-f446-11ee-a7cc-03ddf88a0b10","domain":"http://localhost:2368/","code":null,"name":"NoPermissionError","statusCode":403,"level":"normal","message":"Authorization failed","context":"\"Unable to determine the authenticated user or integration. Check that cookies are being passed through if using session authentication.\"","stack":"NoPermissionError: Authorization failed\n    at authorizeAdminApi (C:\\Users\\brall\\OneDrive\\Escritorio\\ghost\\ghost\\versions\\5.82.0\\core\\server\\services\\auth\\authorize.js:33:25)\n    at Layer.handle [as handle_request] (C:\\Users\\brall\\OneDrive\\Escritorio\\ghost\\ghost\\versions\\5.82.0\\node_modules\\express\\lib\\router\\layer.js:95:5)\n    at next (C:\\Users\\brall\\OneDrive\\Escritorio\\ghost\\ghost\\versions\\5.82.0\\node_modules\\express\\lib\\router\\route.js:149:13)\n    at authenticate (C:\\Users\\brall\\OneDrive\\Escritorio\\ghost\\ghost\\versions\\5.82.0\\core\\server\\services\\auth\\session\\middleware.js:28:13)\n    at process.processTicksAndRejections (node:internal/process/task_queues:95:5)","hideStack":false},"msg":"Authorization failed","time":"2024-04-06T18:50:06.554Z","v":0}
{"name":"Log","hostname":"Braito","pid":27636,"level":30,"version":"5.82.0","req":{"meta":{"requestId":"8d64f934-a20a-4603-9a9e-91fd756d641c","userId":null},"url":"/img/favicon-a9c6dbdcdc3ae568f4e0dad92149a0e3.ico","method":"GET","originalUrl":"/ghost/assets/img/favicon-a9c6dbdcdc3ae568f4e0dad92149a0e3.ico","params":{},"headers":{"host":"localhost:2368","connection":"keep-alive","sec-ch-ua":"\"Google Chrome\";v=\"123\", \"Not:A-Brand\";v=\"8\", \"Chromium\";v=\"123\"","sec-ch-ua-mobile":"?0","user-agent":"Mozilla/5.0 (Windows NT 10.0; Win64; x64) AppleWebKit/537.36 (KHTML, like Gecko) Chrome/123.0.0.0 Safari/537.36","sec-ch-ua-platform":"\"Windows\"","accept":"image/avif,image/webp,image/apng,image/svg+xml,image/*,*/*;q=0.8","sec-fetch-site":"same-origin","sec-fetch-mode":"no-cors","sec-fetch-dest":"image","referer":"http://localhost:2368/ghost/","accept-encoding":"gzip, deflate, br, zstd","accept-language":"es-CO,es;q=0.9,en;q=0.8,es-US;q=0.7,en-US;q=0.6,es-419;q=0.5","cookie":"**REDACTED**"},"query":{}},"res":{"_headers":{"x-powered-by":"Express","accept-ranges":"bytes","cache-control":"public, max-age=0, immutable","last-modified":"Sat, 26 Oct 1985 08:15:00 GMT","etag":"W/\"3c2e-7438674ba0\"","content-type":"image/x-icon","vary":"Accept-Encoding","content-encoding":"gzip"},"statusCode":200,"responseTime":"2ms"},"msg":"","time":"2024-04-06T18:50:06.557Z","v":0}
{"name":"Log","hostname":"Braito","pid":27636,"level":30,"version":"5.82.0","req":{"meta":{"requestId":"fff8a5e6-dd2a-4e5e-8854-37ec1b7ef75e","userId":null},"url":"/site/","method":"GET","originalUrl":"/ghost/api/admin/site/","params":{},"headers":{"host":"localhost:2368","connection":"keep-alive","sec-ch-ua":"\"Google Chrome\";v=\"123\", \"Not:A-Brand\";v=\"8\", \"Chromium\";v=\"123\"","sec-ch-ua-mobile":"?0","app-pragma":"no-cache","user-agent":"Mozilla/5.0 (Windows NT 10.0; Win64; x64) AppleWebKit/537.36 (KHTML, like Gecko) Chrome/123.0.0.0 Safari/537.36","content-type":"application/json; charset=UTF-8","accept":"application/json, text/javascript, */*; q=0.01","x-requested-with":"XMLHttpRequest","x-ghost-version":"5.82","sec-ch-ua-platform":"\"Windows\"","sec-fetch-site":"same-origin","sec-fetch-mode":"cors","sec-fetch-dest":"empty","referer":"http://localhost:2368/ghost/","accept-encoding":"gzip, deflate, br, zstd","accept-language":"es-CO,es;q=0.9,en;q=0.8,es-US;q=0.7,en-US;q=0.6,es-419;q=0.5","cookie":"**REDACTED**"},"query":{}},"res":{"_headers":{"x-powered-by":"Express","content-version":"v5.82","vary":"Accept-Version, Accept-Encoding","cache-control":"no-cache, private, no-store, must-revalidate, max-stale=0, post-check=0, pre-check=0","content-type":"application/json; charset=utf-8","content-length":"287","etag":"W/\"11f-uUUShNzdje88hvM2Oe1qZSayraA\""},"statusCode":200,"responseTime":"5ms"},"msg":"","time":"2024-04-06T18:50:06.571Z","v":0}
{"name":"Log","hostname":"Braito","pid":27636,"level":50,"version":"5.82.0","req":{"meta":{"requestId":"fc8cc57a-e55a-4a55-93bc-28e4c7c677e6","userId":null},"url":"/users/me/?include=roles","method":"GET","originalUrl":"/ghost/api/admin/users/me/?include=roles","params":{},"headers":{"host":"localhost:2368","connection":"keep-alive","sec-ch-ua":"\"Google Chrome\";v=\"123\", \"Not:A-Brand\";v=\"8\", \"Chromium\";v=\"123\"","sec-ch-ua-mobile":"?0","app-pragma":"no-cache","user-agent":"Mozilla/5.0 (Windows NT 10.0; Win64; x64) AppleWebKit/537.36 (KHTML, like Gecko) Chrome/123.0.0.0 Safari/537.36","content-type":"application/json; charset=UTF-8","accept":"application/json, text/javascript, */*; q=0.01","x-requested-with":"XMLHttpRequest","x-ghost-version":"5.82","sec-ch-ua-platform":"\"Windows\"","sec-fetch-site":"same-origin","sec-fetch-mode":"cors","sec-fetch-dest":"empty","referer":"http://localhost:2368/ghost/","accept-encoding":"gzip, deflate, br, zstd","accept-language":"es-CO,es;q=0.9,en;q=0.8,es-US;q=0.7,en-US;q=0.6,es-419;q=0.5","cookie":"**REDACTED**"},"query":{"include":"roles"}},"res":{"_headers":{"x-powered-by":"Express","content-version":"v5.82","vary":"Accept-Version, Accept-Encoding","cache-control":"no-cache, private, no-store, must-revalidate, max-stale=0, post-check=0, pre-check=0","content-type":"application/json; charset=utf-8","content-length":"343","etag":"W/\"157-oG8S3ONei5UGR+i8NIKZf47HOYQ\""},"statusCode":403,"responseTime":"4ms"},"err":{"id":"7c544690-f446-11ee-a7cc-03ddf88a0b10","domain":"http://localhost:2368/","code":null,"name":"NoPermissionError","statusCode":403,"level":"normal","message":"Authorization failed","context":"\"Unable to determine the authenticated user or integration. Check that cookies are being passed through if using session authentication.\"","stack":"NoPermissionError: Authorization failed\n    at authorizeAdminApi (C:\\Users\\brall\\OneDrive\\Escritorio\\ghost\\ghost\\versions\\5.82.0\\core\\server\\services\\auth\\authorize.js:33:25)\n    at Layer.handle [as handle_request] (C:\\Users\\brall\\OneDrive\\Escritorio\\ghost\\ghost\\versions\\5.82.0\\node_modules\\express\\lib\\router\\layer.js:95:5)\n    at next (C:\\Users\\brall\\OneDrive\\Escritorio\\ghost\\ghost\\versions\\5.82.0\\node_modules\\express\\lib\\router\\route.js:149:13)\n    at authenticate (C:\\Users\\brall\\OneDrive\\Escritorio\\ghost\\ghost\\versions\\5.82.0\\core\\server\\services\\auth\\session\\middleware.js:28:13)\n    at process.processTicksAndRejections (node:internal/process/task_queues:95:5)","hideStack":false},"msg":"Authorization failed","time":"2024-04-06T18:50:06.589Z","v":0}
{"name":"Log","hostname":"Braito","pid":27636,"level":30,"version":"5.82.0","req":{"meta":{"requestId":"bb4a4a8e-af5f-4989-bdae-8b007166220b","userId":null},"url":"/site/","method":"GET","originalUrl":"/ghost/api/admin/site/","params":{},"headers":{"host":"localhost:2368","connection":"keep-alive","sec-ch-ua":"\"Google Chrome\";v=\"123\", \"Not:A-Brand\";v=\"8\", \"Chromium\";v=\"123\"","sec-ch-ua-mobile":"?0","app-pragma":"no-cache","user-agent":"Mozilla/5.0 (Windows NT 10.0; Win64; x64) AppleWebKit/537.36 (KHTML, like Gecko) Chrome/123.0.0.0 Safari/537.36","content-type":"application/json; charset=UTF-8","accept":"application/json, text/javascript, */*; q=0.01","x-requested-with":"XMLHttpRequest","x-ghost-version":"5.82","sec-ch-ua-platform":"\"Windows\"","sec-fetch-site":"same-origin","sec-fetch-mode":"cors","sec-fetch-dest":"empty","referer":"http://localhost:2368/ghost/","accept-encoding":"gzip, deflate, br, zstd","accept-language":"es-CO,es;q=0.9,en;q=0.8,es-US;q=0.7,en-US;q=0.6,es-419;q=0.5","cookie":"**REDACTED**"},"query":{}},"res":{"_headers":{"x-powered-by":"Express","content-version":"v5.82","vary":"Accept-Version, Accept-Encoding","cache-control":"no-cache, private, no-store, must-revalidate, max-stale=0, post-check=0, pre-check=0","content-type":"application/json; charset=utf-8","content-length":"287","etag":"W/\"11f-uUUShNzdje88hvM2Oe1qZSayraA\""},"statusCode":200,"responseTime":"1ms"},"msg":"","time":"2024-04-06T18:50:06.596Z","v":0}
{"name":"Log","hostname":"Braito","pid":27636,"level":30,"version":"5.82.0","req":{"meta":{"requestId":"5688b560-6706-420a-b807-012f6e16191a","userId":null},"url":"/authentication/setup/","method":"GET","originalUrl":"/ghost/api/admin/authentication/setup/","params":{},"headers":{"host":"localhost:2368","connection":"keep-alive","sec-ch-ua":"\"Google Chrome\";v=\"123\", \"Not:A-Brand\";v=\"8\", \"Chromium\";v=\"123\"","sec-ch-ua-mobile":"?0","app-pragma":"no-cache","user-agent":"Mozilla/5.0 (Windows NT 10.0; Win64; x64) AppleWebKit/537.36 (KHTML, like Gecko) Chrome/123.0.0.0 Safari/537.36","content-type":"application/json; charset=UTF-8","accept":"application/json, text/javascript, */*; q=0.01","x-requested-with":"XMLHttpRequest","x-ghost-version":"5.82","sec-ch-ua-platform":"\"Windows\"","sec-fetch-site":"same-origin","sec-fetch-mode":"cors","sec-fetch-dest":"empty","referer":"http://localhost:2368/ghost/","accept-encoding":"gzip, deflate, br, zstd","accept-language":"es-CO,es;q=0.9,en;q=0.8,es-US;q=0.7,en-US;q=0.6,es-419;q=0.5","cookie":"**REDACTED**"},"query":{}},"res":{"_headers":{"x-powered-by":"Express","content-version":"v5.82","vary":"Accept-Version, Accept-Encoding","cache-control":"no-cache, private, no-store, must-revalidate, max-stale=0, post-check=0, pre-check=0","content-type":"application/json; charset=utf-8","content-length":"28","etag":"W/\"1c-sQKS0vX9z/0iYRVKKjytkkIupoI\""},"statusCode":200,"responseTime":"8ms"},"msg":"","time":"2024-04-06T18:50:06.612Z","v":0}
{"name":"Log","hostname":"Braito","pid":27636,"level":30,"version":"5.82.0","req":{"meta":{"requestId":"222875bf-334e-44d9-bd8e-21b0720f3da2","userId":null},"url":"/authentication/setup/","method":"GET","originalUrl":"/ghost/api/admin/authentication/setup/","params":{},"headers":{"host":"localhost:2368","connection":"keep-alive","sec-ch-ua":"\"Google Chrome\";v=\"123\", \"Not:A-Brand\";v=\"8\", \"Chromium\";v=\"123\"","sec-ch-ua-mobile":"?0","app-pragma":"no-cache","user-agent":"Mozilla/5.0 (Windows NT 10.0; Win64; x64) AppleWebKit/537.36 (KHTML, like Gecko) Chrome/123.0.0.0 Safari/537.36","content-type":"application/json; charset=UTF-8","accept":"application/json, text/javascript, */*; q=0.01","x-requested-with":"XMLHttpRequest","x-ghost-version":"5.82","sec-ch-ua-platform":"\"Windows\"","sec-fetch-site":"same-origin","sec-fetch-mode":"cors","sec-fetch-dest":"empty","referer":"http://localhost:2368/ghost/","accept-encoding":"gzip, deflate, br, zstd","accept-language":"es-CO,es;q=0.9,en;q=0.8,es-US;q=0.7,en-US;q=0.6,es-419;q=0.5","cookie":"**REDACTED**"},"query":{}},"res":{"_headers":{"x-powered-by":"Express","content-version":"v5.82","vary":"Accept-Version, Accept-Encoding","cache-control":"no-cache, private, no-store, must-revalidate, max-stale=0, post-check=0, pre-check=0","content-type":"application/json; charset=utf-8","content-length":"28","etag":"W/\"1c-sQKS0vX9z/0iYRVKKjytkkIupoI\""},"statusCode":200,"responseTime":"4ms"},"msg":"","time":"2024-04-06T18:50:06.624Z","v":0}
{"name":"Log","hostname":"Braito","pid":27636,"level":30,"version":"5.82.0","req":{"meta":{"requestId":"b0ceda08-64f4-4654-97d4-c6b9dd1ae489","userId":null},"url":"/img/logos/orb-black-1-32b72766be2164fdea6ab2565fb1c137.png","method":"GET","originalUrl":"/ghost/assets/img/logos/orb-black-1-32b72766be2164fdea6ab2565fb1c137.png","params":{},"headers":{"host":"localhost:2368","connection":"keep-alive","sec-ch-ua":"\"Google Chrome\";v=\"123\", \"Not:A-Brand\";v=\"8\", \"Chromium\";v=\"123\"","sec-ch-ua-mobile":"?0","user-agent":"Mozilla/5.0 (Windows NT 10.0; Win64; x64) AppleWebKit/537.36 (KHTML, like Gecko) Chrome/123.0.0.0 Safari/537.36","sec-ch-ua-platform":"\"Windows\"","accept":"image/avif,image/webp,image/apng,image/svg+xml,image/*,*/*;q=0.8","sec-fetch-site":"same-origin","sec-fetch-mode":"no-cors","sec-fetch-dest":"image","referer":"http://localhost:2368/ghost/","accept-encoding":"gzip, deflate, br, zstd","accept-language":"es-CO,es;q=0.9,en;q=0.8,es-US;q=0.7,en-US;q=0.6,es-419;q=0.5","cookie":"**REDACTED**"},"query":{}},"res":{"_headers":{"x-powered-by":"Express","accept-ranges":"bytes","cache-control":"public, max-age=0, immutable","last-modified":"Sat, 26 Oct 1985 08:15:00 GMT","etag":"W/\"ca4a-7438674ba0\"","content-type":"image/png","content-length":51786},"statusCode":200,"responseTime":"1ms"},"msg":"","time":"2024-04-06T18:50:06.678Z","v":0}
{"name":"Log","hostname":"Braito","pid":27636,"level":30,"version":"5.82.0","req":{"meta":{"requestId":"3d3c3fc6-b7bc-4bfe-95ef-78b752507476","userId":null},"url":"/fonts/Inter-roman.var-66c6e40883646a7ad993108b2ce2da32.woff2","method":"GET","originalUrl":"/ghost/assets/fonts/Inter-roman.var-66c6e40883646a7ad993108b2ce2da32.woff2","params":{},"headers":{"host":"localhost:2368","connection":"keep-alive","sec-ch-ua":"\"Google Chrome\";v=\"123\", \"Not:A-Brand\";v=\"8\", \"Chromium\";v=\"123\"","origin":"http://localhost:2368","sec-ch-ua-mobile":"?0","user-agent":"Mozilla/5.0 (Windows NT 10.0; Win64; x64) AppleWebKit/537.36 (KHTML, like Gecko) Chrome/123.0.0.0 Safari/537.36","sec-ch-ua-platform":"\"Windows\"","accept":"*/*","sec-fetch-site":"same-origin","sec-fetch-mode":"cors","sec-fetch-dest":"font","referer":"http://localhost:2368/ghost/assets/ghost-164646fac0d490158c4d2f185ec72762.css","accept-encoding":"gzip, deflate, br, zstd","accept-language":"es-CO,es;q=0.9,en;q=0.8,es-US;q=0.7,en-US;q=0.6,es-419;q=0.5","cookie":"**REDACTED**"},"query":{}},"res":{"_headers":{"x-powered-by":"Express","accept-ranges":"bytes","cache-control":"public, max-age=0, immutable","last-modified":"Sat, 26 Oct 1985 08:15:00 GMT","etag":"W/\"3776c-7438674ba0\"","content-type":"font/woff2","content-length":227180},"statusCode":200,"responseTime":"2ms"},"msg":"","time":"2024-04-06T18:50:06.704Z","v":0}
{"name":"Log","hostname":"Braito","pid":27636,"level":30,"version":"5.82.0","req":{"meta":{"requestId":"8d91e3f8-b78f-436e-b0c0-a69ea171cde3","userId":null},"url":"/admin-x-settings/admin-x-settings.js?v=70b263cb2e","method":"GET","originalUrl":"/ghost/assets/admin-x-settings/admin-x-settings.js?v=70b263cb2e","params":{},"headers":{"host":"localhost:2368","connection":"keep-alive","sec-ch-ua":"\"Google Chrome\";v=\"123\", \"Not:A-Brand\";v=\"8\", \"Chromium\";v=\"123\"","origin":"http://localhost:2368","sec-ch-ua-mobile":"?0","user-agent":"Mozilla/5.0 (Windows NT 10.0; Win64; x64) AppleWebKit/537.36 (KHTML, like Gecko) Chrome/123.0.0.0 Safari/537.36","sec-ch-ua-platform":"\"Windows\"","accept":"*/*","sec-fetch-site":"same-origin","sec-fetch-mode":"cors","sec-fetch-dest":"script","referer":"http://localhost:2368/ghost/assets/ghost-030fc6823b98b9b104dd4b2d36f35995.js","accept-encoding":"gzip, deflate, br, zstd","accept-language":"es-CO,es;q=0.9,en;q=0.8,es-US;q=0.7,en-US;q=0.6,es-419;q=0.5","cookie":"**REDACTED**"},"query":{"v":"70b263cb2e"}},"res":{"_headers":{"x-powered-by":"Express","accept-ranges":"bytes","cache-control":"public, max-age=0, immutable","last-modified":"Sat, 26 Oct 1985 08:15:00 GMT","etag":"W/\"1d0db-7438674ba0\"","content-type":"application/javascript; charset=UTF-8","vary":"Accept-Encoding","content-encoding":"gzip"},"statusCode":200,"responseTime":"4ms"},"msg":"","time":"2024-04-06T18:50:08.372Z","v":0}
{"name":"Log","hostname":"Braito","pid":27636,"level":30,"version":"5.82.0","req":{"meta":{"requestId":"5812b2e9-e22d-4cf4-8ac8-58388142456a","userId":null},"url":"/admin-x-settings/index-360b952f.mjs","method":"GET","originalUrl":"/ghost/assets/admin-x-settings/index-360b952f.mjs","params":{},"headers":{"host":"localhost:2368","connection":"keep-alive","sec-ch-ua":"\"Google Chrome\";v=\"123\", \"Not:A-Brand\";v=\"8\", \"Chromium\";v=\"123\"","origin":"http://localhost:2368","sec-ch-ua-mobile":"?0","user-agent":"Mozilla/5.0 (Windows NT 10.0; Win64; x64) AppleWebKit/537.36 (KHTML, like Gecko) Chrome/123.0.0.0 Safari/537.36","sec-ch-ua-platform":"\"Windows\"","accept":"*/*","sec-fetch-site":"same-origin","sec-fetch-mode":"cors","sec-fetch-dest":"script","referer":"http://localhost:2368/ghost/assets/admin-x-settings/admin-x-settings.js?v=70b263cb2e","accept-encoding":"gzip, deflate, br, zstd","accept-language":"es-CO,es;q=0.9,en;q=0.8,es-US;q=0.7,en-US;q=0.6,es-419;q=0.5","cookie":"**REDACTED**"},"query":{}},"res":{"_headers":{"x-powered-by":"Express","accept-ranges":"bytes","cache-control":"public, max-age=0, immutable","last-modified":"Sat, 26 Oct 1985 08:15:00 GMT","etag":"W/\"112872-7438674ba0\"","content-type":"application/javascript; charset=UTF-8","vary":"Accept-Encoding","content-encoding":"gzip"},"statusCode":200,"responseTime":"33ms"},"msg":"","time":"2024-04-06T18:50:08.416Z","v":0}
{"name":"Log","hostname":"Braito","pid":27636,"level":30,"version":"5.82.0","req":{"meta":{"requestId":"41c1db2e-66a5-4f6f-9f13-cb62599f8058","userId":null},"url":"/videos/logo-loader-d91f93ba1dbf0f52a22815b5a571bd31.mp4","method":"GET","originalUrl":"/ghost/assets/videos/logo-loader-d91f93ba1dbf0f52a22815b5a571bd31.mp4","params":{},"headers":{"host":"localhost:2368","connection":"keep-alive","sec-ch-ua":"\"Google Chrome\";v=\"123\", \"Not:A-Brand\";v=\"8\", \"Chromium\";v=\"123\"","accept-encoding":"identity;q=1, *;q=0","sec-ch-ua-mobile":"?0","user-agent":"Mozilla/5.0 (Windows NT 10.0; Win64; x64) AppleWebKit/537.36 (KHTML, like Gecko) Chrome/123.0.0.0 Safari/537.36","sec-ch-ua-platform":"\"Windows\"","accept":"*/*","sec-fetch-site":"same-origin","sec-fetch-mode":"no-cors","sec-fetch-dest":"video","referer":"http://localhost:2368/ghost/","accept-language":"es-CO,es;q=0.9,en;q=0.8,es-US;q=0.7,en-US;q=0.6,es-419;q=0.5","cookie":"**REDACTED**","range":"bytes=0-"},"query":{}},"res":{"_headers":{"x-powered-by":"Express","accept-ranges":"bytes","cache-control":"public, max-age=0, immutable","last-modified":"Sat, 26 Oct 1985 08:15:00 GMT","etag":"W/\"1ff8a-7438674ba0\"","content-type":"video/mp4","content-range":"bytes 0-130953/130954","content-length":130954},"statusCode":206,"responseTime":"3ms"},"msg":"","time":"2024-04-06T18:50:32.317Z","v":0}
{"name":"Log","hostname":"Braito","pid":28948,"level":30,"version":"5.82.0","msg":"Ghost is running in development...","time":"2024-04-06T18:51:07.970Z","v":0}
{"name":"Log","hostname":"Braito","pid":28948,"level":30,"version":"5.82.0","msg":"Listening on: 127.0.0.1:2368","time":"2024-04-06T18:51:07.972Z","v":0}
{"name":"Log","hostname":"Braito","pid":28948,"level":30,"version":"5.82.0","msg":"Url configured as: http://localhost:2368/","time":"2024-04-06T18:51:07.972Z","v":0}
{"name":"Log","hostname":"Braito","pid":28948,"level":30,"version":"5.82.0","msg":"Ctrl+C to shut down","time":"2024-04-06T18:51:07.973Z","v":0}
{"name":"Log","hostname":"Braito","pid":28948,"level":30,"version":"5.82.0","msg":"Ghost server started in 0.861s","time":"2024-04-06T18:51:07.974Z","v":0}
{"name":"Log","hostname":"Braito","pid":28948,"level":30,"version":"5.82.0","msg":"Database is in a ready state.","time":"2024-04-06T18:51:08.166Z","v":0}
{"name":"Log","hostname":"Braito","pid":28948,"level":30,"version":"5.82.0","msg":"Ghost database ready in 1.059s","time":"2024-04-06T18:51:08.171Z","v":0}
{"name":"Log","hostname":"Braito","pid":28948,"level":40,"version":"5.82.0","msg":"Missing mail.from config, falling back to a generated email address. Please update your config file and set a valid from address","time":"2024-04-06T18:51:08.585Z","v":0}
{"name":"Log","hostname":"Braito","pid":28948,"level":50,"version":"5.82.0","err":{"id":"a1db0e80-f446-11ee-b9b0-47854f0330a9","domain":"http://localhost:2368/","code":"ENOENT","name":"InternalServerError","statusCode":500,"level":"critical","message":"Unable to activate the theme \"source\".","stack":"Error: ENOENT: no such file or directory, copyfile 'C:\\Users\\brall\\OneDrive\\Escritorio\\ghost\\ghost\\versions\\5.82.0\\core\\frontend\\src\\admin-auth\\index.html' -> 'C:\\Users\\brall\\OneDrive\\Escritorio\\ghost\\ghost\\content\\public\\admin-auth\\index.html'\n    at Bridge.activateTheme (C:\\Users\\brall\\OneDrive\\Escritorio\\ghost\\ghost\\versions\\5.82.0\\core\\bridge.js:76:27)","hideStack":false},"msg":"Unable to activate the theme \"source\".","time":"2024-04-06T18:51:09.545Z","v":0}
{"name":"Log","hostname":"Braito","pid":28948,"level":30,"version":"5.82.0","msg":"Adding offloaded job to the queue","time":"2024-04-06T18:51:10.440Z","v":0}
{"name":"Log","hostname":"Braito","pid":28948,"level":30,"version":"5.82.0","msg":"Scheduling job mentions-email-report at 45 20 * * * *. Next run on: Sat Apr 06 2024 14:20:45 GMT-0500 (hora estándar de Colombia)","time":"2024-04-06T18:51:10.448Z","v":0}
{"name":"Log","hostname":"Braito","pid":28948,"level":30,"version":"5.82.0","msg":"Adding offloaded job to the queue","time":"2024-04-06T18:51:10.953Z","v":0}
{"name":"Log","hostname":"Braito","pid":28948,"level":30,"version":"5.82.0","msg":"Scheduling job clean-expired-comped at 39 47 0 * * *. Next run on: Sun Apr 07 2024 00:47:39 GMT-0500 (hora estándar de Colombia)","time":"2024-04-06T18:51:10.956Z","v":0}
{"name":"Log","hostname":"Braito","pid":28948,"level":30,"version":"5.82.0","msg":"Adding offloaded job to the queue","time":"2024-04-06T18:51:10.960Z","v":0}
{"name":"Log","hostname":"Braito","pid":28948,"level":30,"version":"5.82.0","msg":"Scheduling job clean-tokens at 49 59 18 * * *. Next run on: Sat Apr 06 2024 18:59:49 GMT-0500 (hora estándar de Colombia)","time":"2024-04-06T18:51:10.962Z","v":0}
{"name":"Log","hostname":"Braito","pid":28948,"level":30,"version":"5.82.0","msg":"Ghost booted in 4.258s","time":"2024-04-06T18:51:11.371Z","v":0}
{"name":"Log","hostname":"Braito","pid":28948,"level":30,"version":"5.82.0","msg":"Adding offloaded job to the queue","time":"2024-04-06T18:51:11.374Z","v":0}
{"name":"Log","hostname":"Braito","pid":28948,"level":30,"version":"5.82.0","msg":"Scheduling job update-check at 58 46 2 * * *. Next run on: Sun Apr 07 2024 02:46:58 GMT-0500 (hora estándar de Colombia)","time":"2024-04-06T18:51:11.376Z","v":0}
{"name":"Log","hostname":"Braito","pid":28948,"level":30,"version":"5.82.0","msg":"Running milestone emails job on Sat Apr 06 2024 13:51:16 GMT-0500 (hora estándar de Colombia)","time":"2024-04-06T18:51:11.384Z","v":0}
{"name":"Log","hostname":"Braito","pid":28948,"level":30,"version":"5.82.0","msg":"Ghost URL Service Ready in 4.655s","time":"2024-04-06T18:51:11.768Z","v":0}
{"name":"Log","hostname":"Braito","pid":28948,"level":30,"version":"5.82.0","req":{"meta":{"requestId":"a1197266-3b61-41f8-8132-09cd0bc768c6","userId":null},"url":"/","method":"GET","originalUrl":"/ghost/","params":{"0":"/"},"headers":{"host":"localhost:2368","connection":"keep-alive","cache-control":"max-age=0","sec-ch-ua":"\"Google Chrome\";v=\"123\", \"Not:A-Brand\";v=\"8\", \"Chromium\";v=\"123\"","sec-ch-ua-mobile":"?0","sec-ch-ua-platform":"\"Windows\"","upgrade-insecure-requests":"1","user-agent":"Mozilla/5.0 (Windows NT 10.0; Win64; x64) AppleWebKit/537.36 (KHTML, like Gecko) Chrome/123.0.0.0 Safari/537.36","accept":"text/html,application/xhtml+xml,application/xml;q=0.9,image/avif,image/webp,image/apng,*/*;q=0.8,application/signed-exchange;v=b3;q=0.7","sec-fetch-site":"none","sec-fetch-mode":"navigate","sec-fetch-user":"?1","sec-fetch-dest":"document","accept-encoding":"gzip, deflate, br, zstd","accept-language":"es-CO,es;q=0.9,en;q=0.8,es-US;q=0.7,en-US;q=0.6,es-419;q=0.5","cookie":"**REDACTED**"},"query":{}},"res":{"_headers":{"x-powered-by":"Express","cache-control":"no-cache, private, no-store, must-revalidate, max-stale=0, post-check=0, pre-check=0","etag":"314f1415428ab9d5ff4e4193e24c1df0","x-frame-options":"sameorigin","accept-ranges":"bytes","last-modified":"Sat, 26 Oct 1985 08:15:00 GMT","content-type":"text/html; charset=UTF-8","vary":"Accept-Encoding","content-encoding":"gzip"},"statusCode":200,"responseTime":"148ms"},"msg":"","time":"2024-04-06T18:51:12.483Z","v":0}
{"name":"Log","hostname":"Braito","pid":28948,"level":30,"version":"5.82.0","req":{"meta":{"requestId":"6098ae66-7dbb-4bf5-a924-8c1c11a8a053","userId":null},"url":"/vendor-0ede59da8efb5e28fa929557f7ff7154.css","method":"GET","originalUrl":"/ghost/assets/vendor-0ede59da8efb5e28fa929557f7ff7154.css","params":{},"headers":{"host":"localhost:2368","connection":"keep-alive","sec-ch-ua":"\"Google Chrome\";v=\"123\", \"Not:A-Brand\";v=\"8\", \"Chromium\";v=\"123\"","sec-ch-ua-mobile":"?0","user-agent":"Mozilla/5.0 (Windows NT 10.0; Win64; x64) AppleWebKit/537.36 (KHTML, like Gecko) Chrome/123.0.0.0 Safari/537.36","sec-ch-ua-platform":"\"Windows\"","accept":"text/css,*/*;q=0.1","sec-fetch-site":"same-origin","sec-fetch-mode":"no-cors","sec-fetch-dest":"style","referer":"http://localhost:2368/ghost/","accept-encoding":"gzip, deflate, br, zstd","accept-language":"es-CO,es;q=0.9,en;q=0.8,es-US;q=0.7,en-US;q=0.6,es-419;q=0.5","cookie":"**REDACTED**","if-none-match":"W/\"8b45-7438674ba0\"","if-modified-since":"Sat, 26 Oct 1985 08:15:00 GMT"},"query":{}},"res":{"_headers":{"x-powered-by":"Express","accept-ranges":"bytes","cache-control":"public, max-age=0, immutable","last-modified":"Sat, 26 Oct 1985 08:15:00 GMT","etag":"W/\"8b45-7438674ba0\""},"statusCode":304,"responseTime":"3ms"},"msg":"","time":"2024-04-06T18:51:12.501Z","v":0}
{"name":"Log","hostname":"Braito","pid":28948,"level":30,"version":"5.82.0","req":{"meta":{"requestId":"645cf3dd-a6b5-4731-a2e9-586dcb1635e7","userId":null},"url":"/ghost-164646fac0d490158c4d2f185ec72762.css","method":"GET","originalUrl":"/ghost/assets/ghost-164646fac0d490158c4d2f185ec72762.css","params":{},"headers":{"host":"localhost:2368","connection":"keep-alive","sec-ch-ua":"\"Google Chrome\";v=\"123\", \"Not:A-Brand\";v=\"8\", \"Chromium\";v=\"123\"","sec-ch-ua-mobile":"?0","user-agent":"Mozilla/5.0 (Windows NT 10.0; Win64; x64) AppleWebKit/537.36 (KHTML, like Gecko) Chrome/123.0.0.0 Safari/537.36","sec-ch-ua-platform":"\"Windows\"","accept":"text/css,*/*;q=0.1","sec-fetch-site":"same-origin","sec-fetch-mode":"no-cors","sec-fetch-dest":"style","referer":"http://localhost:2368/ghost/","accept-encoding":"gzip, deflate, br, zstd","accept-language":"es-CO,es;q=0.9,en;q=0.8,es-US;q=0.7,en-US;q=0.6,es-419;q=0.5","cookie":"**REDACTED**","if-none-match":"W/\"8670d-7438674ba0\"","if-modified-since":"Sat, 26 Oct 1985 08:15:00 GMT"},"query":{}},"res":{"_headers":{"x-powered-by":"Express","accept-ranges":"bytes","cache-control":"public, max-age=0, immutable","last-modified":"Sat, 26 Oct 1985 08:15:00 GMT","etag":"W/\"8670d-7438674ba0\""},"statusCode":304,"responseTime":"3ms"},"msg":"","time":"2024-04-06T18:51:12.501Z","v":0}
{"name":"Log","hostname":"Braito","pid":28948,"level":30,"version":"5.82.0","req":{"meta":{"requestId":"ca3ed664-27d9-48ec-8662-e6fa06c42d3f","userId":null},"url":"/vendor-f9bad0b8c0149699f84c0bd9d325068e.js","method":"GET","originalUrl":"/ghost/assets/vendor-f9bad0b8c0149699f84c0bd9d325068e.js","params":{},"headers":{"host":"localhost:2368","connection":"keep-alive","sec-ch-ua":"\"Google Chrome\";v=\"123\", \"Not:A-Brand\";v=\"8\", \"Chromium\";v=\"123\"","sec-ch-ua-mobile":"?0","user-agent":"Mozilla/5.0 (Windows NT 10.0; Win64; x64) AppleWebKit/537.36 (KHTML, like Gecko) Chrome/123.0.0.0 Safari/537.36","sec-ch-ua-platform":"\"Windows\"","accept":"*/*","sec-fetch-site":"same-origin","sec-fetch-mode":"no-cors","sec-fetch-dest":"script","referer":"http://localhost:2368/ghost/","accept-encoding":"gzip, deflate, br, zstd","accept-language":"es-CO,es;q=0.9,en;q=0.8,es-US;q=0.7,en-US;q=0.6,es-419;q=0.5","cookie":"**REDACTED**","if-none-match":"W/\"1a9199-7438674ba0\"","if-modified-since":"Sat, 26 Oct 1985 08:15:00 GMT"},"query":{}},"res":{"_headers":{"x-powered-by":"Express","accept-ranges":"bytes","cache-control":"public, max-age=0, immutable","last-modified":"Sat, 26 Oct 1985 08:15:00 GMT","etag":"W/\"1a9199-7438674ba0\""},"statusCode":304,"responseTime":"1ms"},"msg":"","time":"2024-04-06T18:51:12.503Z","v":0}
{"name":"Log","hostname":"Braito","pid":28948,"level":30,"version":"5.82.0","req":{"meta":{"requestId":"f75e1194-2657-415b-a093-6ed7d469c7ff","userId":null},"url":"/chunk.682.d7ae35ab7054f9997ce6.js","method":"GET","originalUrl":"/ghost/assets/chunk.682.d7ae35ab7054f9997ce6.js","params":{},"headers":{"host":"localhost:2368","connection":"keep-alive","sec-ch-ua":"\"Google Chrome\";v=\"123\", \"Not:A-Brand\";v=\"8\", \"Chromium\";v=\"123\"","sec-ch-ua-mobile":"?0","user-agent":"Mozilla/5.0 (Windows NT 10.0; Win64; x64) AppleWebKit/537.36 (KHTML, like Gecko) Chrome/123.0.0.0 Safari/537.36","sec-ch-ua-platform":"\"Windows\"","accept":"*/*","sec-fetch-site":"same-origin","sec-fetch-mode":"no-cors","sec-fetch-dest":"script","referer":"http://localhost:2368/ghost/","accept-encoding":"gzip, deflate, br, zstd","accept-language":"es-CO,es;q=0.9,en;q=0.8,es-US;q=0.7,en-US;q=0.6,es-419;q=0.5","cookie":"**REDACTED**","if-none-match":"W/\"2aa289-7438674ba0\"","if-modified-since":"Sat, 26 Oct 1985 08:15:00 GMT"},"query":{}},"res":{"_headers":{"x-powered-by":"Express","accept-ranges":"bytes","cache-control":"public, max-age=0, immutable","last-modified":"Sat, 26 Oct 1985 08:15:00 GMT","etag":"W/\"2aa289-7438674ba0\""},"statusCode":304,"responseTime":"9ms"},"msg":"","time":"2024-04-06T18:51:12.516Z","v":0}
{"name":"Log","hostname":"Braito","pid":28948,"level":30,"version":"5.82.0","req":{"meta":{"requestId":"de613b6e-ccf0-46b0-b118-fe05816d4cd3","userId":null},"url":"/chunk.524.03e149487a80b8411f34.js","method":"GET","originalUrl":"/ghost/assets/chunk.524.03e149487a80b8411f34.js","params":{},"headers":{"host":"localhost:2368","connection":"keep-alive","sec-ch-ua":"\"Google Chrome\";v=\"123\", \"Not:A-Brand\";v=\"8\", \"Chromium\";v=\"123\"","sec-ch-ua-mobile":"?0","user-agent":"Mozilla/5.0 (Windows NT 10.0; Win64; x64) AppleWebKit/537.36 (KHTML, like Gecko) Chrome/123.0.0.0 Safari/537.36","sec-ch-ua-platform":"\"Windows\"","accept":"*/*","sec-fetch-site":"same-origin","sec-fetch-mode":"no-cors","sec-fetch-dest":"script","referer":"http://localhost:2368/ghost/","accept-encoding":"gzip, deflate, br, zstd","accept-language":"es-CO,es;q=0.9,en;q=0.8,es-US;q=0.7,en-US;q=0.6,es-419;q=0.5","cookie":"**REDACTED**","if-none-match":"W/\"2d8b-7438674ba0\"","if-modified-since":"Sat, 26 Oct 1985 08:15:00 GMT"},"query":{}},"res":{"_headers":{"x-powered-by":"Express","accept-ranges":"bytes","cache-control":"public, max-age=0, immutable","last-modified":"Sat, 26 Oct 1985 08:15:00 GMT","etag":"W/\"2d8b-7438674ba0\""},"statusCode":304,"responseTime":"1ms"},"msg":"","time":"2024-04-06T18:51:12.518Z","v":0}
{"name":"Log","hostname":"Braito","pid":28948,"level":30,"version":"5.82.0","req":{"meta":{"requestId":"f4cac9ae-4531-44f7-8516-a1a8ad41a272","userId":null},"url":"/ghost-030fc6823b98b9b104dd4b2d36f35995.js","method":"GET","originalUrl":"/ghost/assets/ghost-030fc6823b98b9b104dd4b2d36f35995.js","params":{},"headers":{"host":"localhost:2368","connection":"keep-alive","sec-ch-ua":"\"Google Chrome\";v=\"123\", \"Not:A-Brand\";v=\"8\", \"Chromium\";v=\"123\"","sec-ch-ua-mobile":"?0","user-agent":"Mozilla/5.0 (Windows NT 10.0; Win64; x64) AppleWebKit/537.36 (KHTML, like Gecko) Chrome/123.0.0.0 Safari/537.36","sec-ch-ua-platform":"\"Windows\"","accept":"*/*","sec-fetch-site":"same-origin","sec-fetch-mode":"no-cors","sec-fetch-dest":"script","referer":"http://localhost:2368/ghost/","accept-encoding":"gzip, deflate, br, zstd","accept-language":"es-CO,es;q=0.9,en;q=0.8,es-US;q=0.7,en-US;q=0.6,es-419;q=0.5","cookie":"**REDACTED**","if-none-match":"W/\"20f8a6-7438674ba0\"","if-modified-since":"Sat, 26 Oct 1985 08:15:00 GMT"},"query":{}},"res":{"_headers":{"x-powered-by":"Express","accept-ranges":"bytes","cache-control":"public, max-age=0, immutable","last-modified":"Sat, 26 Oct 1985 08:15:00 GMT","etag":"W/\"20f8a6-7438674ba0\""},"statusCode":304,"responseTime":"3ms"},"msg":"","time":"2024-04-06T18:51:12.520Z","v":0}
{"name":"Log","hostname":"Braito","pid":28948,"level":30,"version":"5.82.0","req":{"meta":{"requestId":"0289216c-fe56-454d-9cab-212362b19125","userId":null},"url":"/videos/logo-loader-d91f93ba1dbf0f52a22815b5a571bd31.mp4","method":"GET","originalUrl":"/ghost/assets/videos/logo-loader-d91f93ba1dbf0f52a22815b5a571bd31.mp4","params":{},"headers":{"host":"localhost:2368","connection":"keep-alive","sec-ch-ua":"\"Google Chrome\";v=\"123\", \"Not:A-Brand\";v=\"8\", \"Chromium\";v=\"123\"","accept-encoding":"identity;q=1, *;q=0","sec-ch-ua-mobile":"?0","user-agent":"Mozilla/5.0 (Windows NT 10.0; Win64; x64) AppleWebKit/537.36 (KHTML, like Gecko) Chrome/123.0.0.0 Safari/537.36","sec-ch-ua-platform":"\"Windows\"","accept":"*/*","sec-fetch-site":"same-origin","sec-fetch-mode":"no-cors","sec-fetch-dest":"video","referer":"http://localhost:2368/ghost/","accept-language":"es-CO,es;q=0.9,en;q=0.8,es-US;q=0.7,en-US;q=0.6,es-419;q=0.5","cookie":"**REDACTED**","range":"bytes=0-130953","if-none-match":"W/\"1ff8a-7438674ba0\"","if-modified-since":"Sat, 26 Oct 1985 08:15:00 GMT"},"query":{}},"res":{"_headers":{"x-powered-by":"Express","accept-ranges":"bytes","cache-control":"public, max-age=0, immutable","last-modified":"Sat, 26 Oct 1985 08:15:00 GMT","etag":"W/\"1ff8a-7438674ba0\""},"statusCode":304,"responseTime":"3ms"},"msg":"","time":"2024-04-06T18:51:12.523Z","v":0}
{"name":"Log","hostname":"Braito","pid":28948,"level":50,"version":"5.82.0","req":{"meta":{"requestId":"a9e88254-143f-461b-acc9-878ec1c1629b","userId":null},"url":"/users/me/?include=roles","method":"GET","originalUrl":"/ghost/api/admin/users/me/?include=roles","params":{},"headers":{"host":"localhost:2368","connection":"keep-alive","sec-ch-ua":"\"Google Chrome\";v=\"123\", \"Not:A-Brand\";v=\"8\", \"Chromium\";v=\"123\"","sec-ch-ua-mobile":"?0","app-pragma":"no-cache","user-agent":"Mozilla/5.0 (Windows NT 10.0; Win64; x64) AppleWebKit/537.36 (KHTML, like Gecko) Chrome/123.0.0.0 Safari/537.36","content-type":"application/json; charset=UTF-8","accept":"application/json, text/javascript, */*; q=0.01","x-requested-with":"XMLHttpRequest","x-ghost-version":"5.82","sec-ch-ua-platform":"\"Windows\"","sec-fetch-site":"same-origin","sec-fetch-mode":"cors","sec-fetch-dest":"empty","referer":"http://localhost:2368/ghost/","accept-encoding":"gzip, deflate, br, zstd","accept-language":"es-CO,es;q=0.9,en;q=0.8,es-US;q=0.7,en-US;q=0.6,es-419;q=0.5","cookie":"**REDACTED**"},"query":{"include":"roles"}},"res":{"_headers":{"x-powered-by":"Express","content-version":"v5.82","vary":"Accept-Version, Accept-Encoding","cache-control":"no-cache, private, no-store, must-revalidate, max-stale=0, post-check=0, pre-check=0","content-type":"application/json; charset=utf-8","content-length":"343","etag":"W/\"157-8fbqzkRi/1UYwhrmQ56baTG86Sk\""},"statusCode":403,"responseTime":"184ms"},"err":{"id":"a3d3f850-f446-11ee-b9b0-47854f0330a9","domain":"http://localhost:2368/","code":null,"name":"NoPermissionError","statusCode":403,"level":"normal","message":"Authorization failed","context":"\"Unable to determine the authenticated user or integration. Check that cookies are being passed through if using session authentication.\"","stack":"NoPermissionError: Authorization failed\n    at authorizeAdminApi (C:\\Users\\brall\\OneDrive\\Escritorio\\ghost\\ghost\\versions\\5.82.0\\core\\server\\services\\auth\\authorize.js:33:25)\n    at Layer.handle [as handle_request] (C:\\Users\\brall\\OneDrive\\Escritorio\\ghost\\ghost\\versions\\5.82.0\\node_modules\\express\\lib\\router\\layer.js:95:5)\n    at next (C:\\Users\\brall\\OneDrive\\Escritorio\\ghost\\ghost\\versions\\5.82.0\\node_modules\\express\\lib\\router\\route.js:149:13)\n    at authenticate (C:\\Users\\brall\\OneDrive\\Escritorio\\ghost\\ghost\\versions\\5.82.0\\core\\server\\services\\auth\\session\\middleware.js:28:13)\n    at process.processTicksAndRejections (node:internal/process/task_queues:95:5)","hideStack":false},"msg":"Authorization failed","time":"2024-04-06T18:51:12.861Z","v":0}
{"name":"Log","hostname":"Braito","pid":28948,"level":30,"version":"5.82.0","req":{"meta":{"requestId":"46beab18-a3d0-42bd-8a4d-be5f5ffcf602","userId":null},"url":"/img/favicon-a9c6dbdcdc3ae568f4e0dad92149a0e3.ico","method":"GET","originalUrl":"/ghost/assets/img/favicon-a9c6dbdcdc3ae568f4e0dad92149a0e3.ico","params":{},"headers":{"host":"localhost:2368","connection":"keep-alive","sec-ch-ua":"\"Google Chrome\";v=\"123\", \"Not:A-Brand\";v=\"8\", \"Chromium\";v=\"123\"","sec-ch-ua-mobile":"?0","user-agent":"Mozilla/5.0 (Windows NT 10.0; Win64; x64) AppleWebKit/537.36 (KHTML, like Gecko) Chrome/123.0.0.0 Safari/537.36","sec-ch-ua-platform":"\"Windows\"","accept":"image/avif,image/webp,image/apng,image/svg+xml,image/*,*/*;q=0.8","sec-fetch-site":"same-origin","sec-fetch-mode":"no-cors","sec-fetch-dest":"image","referer":"http://localhost:2368/ghost/","accept-encoding":"gzip, deflate, br, zstd","accept-language":"es-CO,es;q=0.9,en;q=0.8,es-US;q=0.7,en-US;q=0.6,es-419;q=0.5","cookie":"**REDACTED**","if-none-match":"W/\"3c2e-7438674ba0\"","if-modified-since":"Sat, 26 Oct 1985 08:15:00 GMT"},"query":{}},"res":{"_headers":{"x-powered-by":"Express","accept-ranges":"bytes","cache-control":"public, max-age=0, immutable","last-modified":"Sat, 26 Oct 1985 08:15:00 GMT","etag":"W/\"3c2e-7438674ba0\""},"statusCode":304,"responseTime":"1ms"},"msg":"","time":"2024-04-06T18:51:12.863Z","v":0}
{"name":"Log","hostname":"Braito","pid":28948,"level":30,"version":"5.82.0","req":{"meta":{"requestId":"983d6aee-1ce1-4bfc-81d7-54871ac26611","userId":null},"url":"/site/","method":"GET","originalUrl":"/ghost/api/admin/site/","params":{},"headers":{"host":"localhost:2368","connection":"keep-alive","sec-ch-ua":"\"Google Chrome\";v=\"123\", \"Not:A-Brand\";v=\"8\", \"Chromium\";v=\"123\"","sec-ch-ua-mobile":"?0","app-pragma":"no-cache","user-agent":"Mozilla/5.0 (Windows NT 10.0; Win64; x64) AppleWebKit/537.36 (KHTML, like Gecko) Chrome/123.0.0.0 Safari/537.36","content-type":"application/json; charset=UTF-8","accept":"application/json, text/javascript, */*; q=0.01","x-requested-with":"XMLHttpRequest","x-ghost-version":"5.82","sec-ch-ua-platform":"\"Windows\"","sec-fetch-site":"same-origin","sec-fetch-mode":"cors","sec-fetch-dest":"empty","referer":"http://localhost:2368/ghost/","accept-encoding":"gzip, deflate, br, zstd","accept-language":"es-CO,es;q=0.9,en;q=0.8,es-US;q=0.7,en-US;q=0.6,es-419;q=0.5","cookie":"**REDACTED**"},"query":{}},"res":{"_headers":{"x-powered-by":"Express","content-version":"v5.82","vary":"Accept-Version, Accept-Encoding","cache-control":"no-cache, private, no-store, must-revalidate, max-stale=0, post-check=0, pre-check=0","content-type":"application/json; charset=utf-8","content-length":"287","etag":"W/\"11f-uUUShNzdje88hvM2Oe1qZSayraA\""},"statusCode":200,"responseTime":"6ms"},"msg":"","time":"2024-04-06T18:51:12.877Z","v":0}
{"name":"Log","hostname":"Braito","pid":28948,"level":30,"version":"5.82.0","req":{"meta":{"requestId":"2b4c22c2-183e-449a-b217-56c714ae96c6","userId":null},"url":"/authentication/setup/","method":"GET","originalUrl":"/ghost/api/admin/authentication/setup/","params":{},"headers":{"host":"localhost:2368","connection":"keep-alive","sec-ch-ua":"\"Google Chrome\";v=\"123\", \"Not:A-Brand\";v=\"8\", \"Chromium\";v=\"123\"","sec-ch-ua-mobile":"?0","app-pragma":"no-cache","user-agent":"Mozilla/5.0 (Windows NT 10.0; Win64; x64) AppleWebKit/537.36 (KHTML, like Gecko) Chrome/123.0.0.0 Safari/537.36","content-type":"application/json; charset=UTF-8","accept":"application/json, text/javascript, */*; q=0.01","x-requested-with":"XMLHttpRequest","x-ghost-version":"5.82","sec-ch-ua-platform":"\"Windows\"","sec-fetch-site":"same-origin","sec-fetch-mode":"cors","sec-fetch-dest":"empty","referer":"http://localhost:2368/ghost/","accept-encoding":"gzip, deflate, br, zstd","accept-language":"es-CO,es;q=0.9,en;q=0.8,es-US;q=0.7,en-US;q=0.6,es-419;q=0.5","cookie":"**REDACTED**"},"query":{}},"res":{"_headers":{"x-powered-by":"Express","content-version":"v5.82","vary":"Accept-Version, Accept-Encoding","cache-control":"no-cache, private, no-store, must-revalidate, max-stale=0, post-check=0, pre-check=0","content-type":"application/json; charset=utf-8","content-length":"28","etag":"W/\"1c-sQKS0vX9z/0iYRVKKjytkkIupoI\""},"statusCode":200,"responseTime":"9ms"},"msg":"","time":"2024-04-06T18:51:12.896Z","v":0}
{"name":"Log","hostname":"Braito","pid":28948,"level":30,"version":"5.82.0","req":{"meta":{"requestId":"d56a0f5b-73fb-4d22-8f0a-3be3d2ee6010","userId":null},"url":"/img/logos/orb-black-1-32b72766be2164fdea6ab2565fb1c137.png","method":"GET","originalUrl":"/ghost/assets/img/logos/orb-black-1-32b72766be2164fdea6ab2565fb1c137.png","params":{},"headers":{"host":"localhost:2368","connection":"keep-alive","sec-ch-ua":"\"Google Chrome\";v=\"123\", \"Not:A-Brand\";v=\"8\", \"Chromium\";v=\"123\"","sec-ch-ua-mobile":"?0","user-agent":"Mozilla/5.0 (Windows NT 10.0; Win64; x64) AppleWebKit/537.36 (KHTML, like Gecko) Chrome/123.0.0.0 Safari/537.36","sec-ch-ua-platform":"\"Windows\"","accept":"image/avif,image/webp,image/apng,image/svg+xml,image/*,*/*;q=0.8","sec-fetch-site":"same-origin","sec-fetch-mode":"no-cors","sec-fetch-dest":"image","referer":"http://localhost:2368/ghost/","accept-encoding":"gzip, deflate, br, zstd","accept-language":"es-CO,es;q=0.9,en;q=0.8,es-US;q=0.7,en-US;q=0.6,es-419;q=0.5","cookie":"**REDACTED**","if-none-match":"W/\"ca4a-7438674ba0\"","if-modified-since":"Sat, 26 Oct 1985 08:15:00 GMT"},"query":{}},"res":{"_headers":{"x-powered-by":"Express","accept-ranges":"bytes","cache-control":"public, max-age=0, immutable","last-modified":"Sat, 26 Oct 1985 08:15:00 GMT","etag":"W/\"ca4a-7438674ba0\""},"statusCode":304,"responseTime":"1ms"},"msg":"","time":"2024-04-06T18:51:12.941Z","v":0}
{"name":"Log","hostname":"Braito","pid":28948,"level":30,"version":"5.82.0","req":{"meta":{"requestId":"3a1b16ba-708e-4ccc-8ec5-ac03f1e4e716","userId":null},"url":"/fonts/Inter-roman.var-66c6e40883646a7ad993108b2ce2da32.woff2","method":"GET","originalUrl":"/ghost/assets/fonts/Inter-roman.var-66c6e40883646a7ad993108b2ce2da32.woff2","params":{},"headers":{"host":"localhost:2368","connection":"keep-alive","sec-ch-ua":"\"Google Chrome\";v=\"123\", \"Not:A-Brand\";v=\"8\", \"Chromium\";v=\"123\"","origin":"http://localhost:2368","sec-ch-ua-mobile":"?0","user-agent":"Mozilla/5.0 (Windows NT 10.0; Win64; x64) AppleWebKit/537.36 (KHTML, like Gecko) Chrome/123.0.0.0 Safari/537.36","sec-ch-ua-platform":"\"Windows\"","accept":"*/*","sec-fetch-site":"same-origin","sec-fetch-mode":"cors","sec-fetch-dest":"font","referer":"http://localhost:2368/ghost/assets/ghost-164646fac0d490158c4d2f185ec72762.css","accept-encoding":"gzip, deflate, br, zstd","accept-language":"es-CO,es;q=0.9,en;q=0.8,es-US;q=0.7,en-US;q=0.6,es-419;q=0.5","cookie":"**REDACTED**","if-none-match":"W/\"3776c-7438674ba0\"","if-modified-since":"Sat, 26 Oct 1985 08:15:00 GMT"},"query":{}},"res":{"_headers":{"x-powered-by":"Express","accept-ranges":"bytes","cache-control":"public, max-age=0, immutable","last-modified":"Sat, 26 Oct 1985 08:15:00 GMT","etag":"W/\"3776c-7438674ba0\""},"statusCode":304,"responseTime":"0ms"},"msg":"","time":"2024-04-06T18:51:12.966Z","v":0}
{"name":"Log","hostname":"Braito","pid":28948,"level":30,"version":"5.82.0","req":{"meta":{"requestId":"4b7080d9-6cc6-4ddb-a3c9-76c1d661b5ce","userId":null},"url":"/admin-x-settings/admin-x-settings.js?v=70b263cb2e","method":"GET","originalUrl":"/ghost/assets/admin-x-settings/admin-x-settings.js?v=70b263cb2e","params":{},"headers":{"host":"localhost:2368","connection":"keep-alive","sec-ch-ua":"\"Google Chrome\";v=\"123\", \"Not:A-Brand\";v=\"8\", \"Chromium\";v=\"123\"","origin":"http://localhost:2368","sec-ch-ua-mobile":"?0","user-agent":"Mozilla/5.0 (Windows NT 10.0; Win64; x64) AppleWebKit/537.36 (KHTML, like Gecko) Chrome/123.0.0.0 Safari/537.36","sec-ch-ua-platform":"\"Windows\"","accept":"*/*","sec-fetch-site":"same-origin","sec-fetch-mode":"cors","sec-fetch-dest":"script","referer":"http://localhost:2368/ghost/assets/ghost-030fc6823b98b9b104dd4b2d36f35995.js","accept-encoding":"gzip, deflate, br, zstd","accept-language":"es-CO,es;q=0.9,en;q=0.8,es-US;q=0.7,en-US;q=0.6,es-419;q=0.5","cookie":"**REDACTED**","if-none-match":"W/\"1d0db-7438674ba0\"","if-modified-since":"Sat, 26 Oct 1985 08:15:00 GMT"},"query":{"v":"70b263cb2e"}},"res":{"_headers":{"x-powered-by":"Express","accept-ranges":"bytes","cache-control":"public, max-age=0, immutable","last-modified":"Sat, 26 Oct 1985 08:15:00 GMT","etag":"W/\"1d0db-7438674ba0\""},"statusCode":304,"responseTime":"0ms"},"msg":"","time":"2024-04-06T18:51:14.361Z","v":0}
{"name":"Log","hostname":"Braito","pid":28948,"level":30,"version":"5.82.0","req":{"meta":{"requestId":"d9c0b9b4-3f60-48d7-ac51-96e095657d46","userId":null},"url":"/admin-x-settings/index-360b952f.mjs","method":"GET","originalUrl":"/ghost/assets/admin-x-settings/index-360b952f.mjs","params":{},"headers":{"host":"localhost:2368","connection":"keep-alive","sec-ch-ua":"\"Google Chrome\";v=\"123\", \"Not:A-Brand\";v=\"8\", \"Chromium\";v=\"123\"","origin":"http://localhost:2368","sec-ch-ua-mobile":"?0","user-agent":"Mozilla/5.0 (Windows NT 10.0; Win64; x64) AppleWebKit/537.36 (KHTML, like Gecko) Chrome/123.0.0.0 Safari/537.36","sec-ch-ua-platform":"\"Windows\"","accept":"*/*","sec-fetch-site":"same-origin","sec-fetch-mode":"cors","sec-fetch-dest":"script","referer":"http://localhost:2368/ghost/assets/admin-x-settings/admin-x-settings.js?v=70b263cb2e","accept-encoding":"gzip, deflate, br, zstd","accept-language":"es-CO,es;q=0.9,en;q=0.8,es-US;q=0.7,en-US;q=0.6,es-419;q=0.5","cookie":"**REDACTED**","if-none-match":"W/\"112872-7438674ba0\"","if-modified-since":"Sat, 26 Oct 1985 08:15:00 GMT"},"query":{}},"res":{"_headers":{"x-powered-by":"Express","accept-ranges":"bytes","cache-control":"public, max-age=0, immutable","last-modified":"Sat, 26 Oct 1985 08:15:00 GMT","etag":"W/\"112872-7438674ba0\""},"statusCode":304,"responseTime":"1ms"},"msg":"","time":"2024-04-06T18:51:14.369Z","v":0}
{"name":"Log","hostname":"Braito","pid":28948,"level":30,"version":"5.82.0","msg":"[Recommendations] Updating recommendations metadata","time":"2024-04-06T18:55:51.857Z","v":0}
{"name":"Log","hostname":"Braito","pid":28948,"level":30,"version":"5.82.0","worker":{"resourceLimits":{"maxYoungGenerationSizeMb":48,"maxOldGenerationSizeMb":4096,"codeRangeSizeMb":0,"stackSizeMb":4},"threadId":1},"msg":"Worker for job \"mentions-email-report\" online","time":"2024-04-06T19:20:45.507Z","v":0}
{"name":"Log","hostname":"Braito","pid":28948,"level":30,"version":"5.82.0","msg":"Worker for job mentions-email-report sent a message: done","time":"2024-04-06T19:20:45.514Z","v":0}
